*******************************************************************************
*                          MLT BIQ CRUNCH 2.0 Solver                          *
*******************************************************************************
| Copyright(C) 2010-2017 N. Krislock, J. Malick, F. Roupin                    |
| Multi-threaded version by C.Coti, F.Butelle, E.Leclercq, F. Roupin          |
| BIQ CRUNCH uses L-BFGS-B by C. Zhu, R. Byrd, J. Nocedal and BOB 1.0 by PNN  |
| Team of PRiSM Laboratory.                                                   |
|                                                                             |
| L-BFGS-B is distributed under the terms of the New BSD License. See the     |
| website http://users.eecs.northwestern.edu/~nocedal/lbfgsb.html for more    |
| information. BOB is free software. For more information visit the website   |
| http://www.prism.uvsq.fr/~blec/index.php?p=./rech/so&lang=fr                |
*******************************************************************************
BiqCrunch Parameters:
             nbProcs = 12
             MLTBlas = 0
              alpha0 = 0.100000
          scaleAlpha = 0.500000
            minAlpha = 0.000010
                tol0 = 0.100000
            scaleTol = 0.950000
              minTol = 0.050000
            withCuts = 0
             gapCuts = -0.050000
                cuts = 500
             minCuts = 50
            nitermax = 10000
            minNiter = 12
            maxNiter = 100
           maxNAiter = 50
             scaling = 1
                root = 1
              heur_1 = 0
              heur_2 = 0
              heur_3 = 0
 soln_value_provided = 0
          soln_value = 0
          time_limit = 0
   branchingStrategy = 1
                seed = 2016
               NBGW1 = 1
               NBGW2 = 10
        local_search = 0

Input file: examples/sonetgr17.bc
Solving as a MINIMIZATION problem
Problem Size = 152 Number of equalities = 169 Number of inequalities = 136
Using Generic heuristic

~~~~~~~~~~~~~~~~~~~~~~~~~~~~~~~~~~~~~~~~~~~~~~~~~~~~~~~~~~~~~~~~~~~~~~~~~~~~~~~~~~~~~~
                                     Thread n°0
~~~~~~~~~~~~~~~~~~~~~~~~~~~~~~~~~~~~~~~~~~~~~~~~~~~~~~~~~~~~~~~~~~~~~~~~~~~~~~~~~~~~~~

**************************************************************************************
                                     Node 1
**************************************************************************************
Problem size 152
Fixed variables:
Thread = 0
======================================================================================
Iter    Time  bound  alpha    tol  nbit  Enorm  Inorm  ynorm  minCut  NCut  NSub  NAdd
======================================================================================
   1     3.1  -51808.6  1e-01  1e-01  3657  1e-01  6e-02  3e+05     nan     0  -0    +0  
   2     3.2  -51466.8  5e-02  1e-01   128  9e-02  8e-02  3e+05     nan     0  -0    +0  
   3     3.5  -51273.9  3e-02  9e-02   443  5e-02  2e-02  3e+05     nan     0  -0    +0  
   4     3.7  -51190.2  1e-02  9e-02   190  5e-02  3e-02  3e+05     nan     0  -0    +0  
   5     3.8  -51149.9  6e-03  8e-02    94  4e-02  7e-02  3e+05     nan     0  -0    +0  
   6     3.8  -51129.9  3e-03  8e-02    84  4e-02  5e-02  3e+05     nan     0  -0    +0  
   7     3.9  -51119.9  2e-03  7e-02   118  5e-02  0e+00  3e+05     nan     0  -0    +0  
   8     4.0  -51115.0  8e-04  7e-02    97  6e-02  6e-02  3e+05     nan     0  -0    +0  
   9     4.1  -51112.5  4e-04  7e-02   109  6e-02  3e-02  3e+05     nan     0  -0    +0  
  10     4.5  -51109.4  2e-04  6e-02   582  3e-02  6e-02  3e+05     nan     0  -0    +0  
  11     4.6  -51108.7  1e-04  6e-02   106  4e-02  3e-02  3e+05     nan     0  -0    +0  
  12     4.7  -51108.4  5e-05  6e-02    81  3e-02  6e-02  3e+05     nan     0  -0    +0  
  13     4.7  -51108.3  2e-05  5e-02    89  2e-02  3e-02  3e+05     nan     0  -0    +0  
  14     6.3  -51106.6  1e-05  5e-02  2167  4e-02  3e-02  3e+05     nan     0  -0    +0  
  15     6.3  -51106.6  1e-05  5e-02    56  3e-02  1e-02  3e+05     nan     0  -0    +0  
======================================================================================
Stop bounding procedure! Bound = -51106.61, Iter = 15, alpha = 1e-05, tol = 5e-02, cuts = 0, time = 6.3
======================================================================================
Depth = 0, Bound = -51106, Best = inf

~~~~~~~~~~~~~~~~~~~~~~~~~~~~~~~~~~~~~~~~~~~~~~~~~~~~~~~~~~~~~~~~~~~~~~~~~~~~~~~~~~~~~~
                                     Thread n°1
~~~~~~~~~~~~~~~~~~~~~~~~~~~~~~~~~~~~~~~~~~~~~~~~~~~~~~~~~~~~~~~~~~~~~~~~~~~~~~~~~~~~~~
~~~~~~~~~~~~~~~~~~~~~~~~~~~~~~~~~~~~~~~~~~~~~~~~~~~~~~~~~~~~~~~~~~~~~~~~~~~~~~~~~~~~~~
                                     Thread n°2
~~~~~~~~~~~~~~~~~~~~~~~~~~~~~~~~~~~~~~~~~~~~~~~~~~~~~~~~~~~~~~~~~~~~~~~~~~~~~~~~~~~~~~
~~~~~~~~~~~~~~~~~~~~~~~~~~~~~~~~~~~~~~~~~~~~~~~~~~~~~~~~~~~~~~~~~~~~~~~~~~~~~~~~~~~~~~
                                     Thread n°3
~~~~~~~~~~~~~~~~~~~~~~~~~~~~~~~~~~~~~~~~~~~~~~~~~~~~~~~~~~~~~~~~~~~~~~~~~~~~~~~~~~~~~~
~~~~~~~~~~~~~~~~~~~~~~~~~~~~~~~~~~~~~~~~~~~~~~~~~~~~~~~~~~~~~~~~~~~~~~~~~~~~~~~~~~~~~~
                                     Thread n°4
~~~~~~~~~~~~~~~~~~~~~~~~~~~~~~~~~~~~~~~~~~~~~~~~~~~~~~~~~~~~~~~~~~~~~~~~~~~~~~~~~~~~~~
~~~~~~~~~~~~~~~~~~~~~~~~~~~~~~~~~~~~~~~~~~~~~~~~~~~~~~~~~~~~~~~~~~~~~~~~~~~~~~~~~~~~~~
                                     Thread n°5
~~~~~~~~~~~~~~~~~~~~~~~~~~~~~~~~~~~~~~~~~~~~~~~~~~~~~~~~~~~~~~~~~~~~~~~~~~~~~~~~~~~~~~
~~~~~~~~~~~~~~~~~~~~~~~~~~~~~~~~~~~~~~~~~~~~~~~~~~~~~~~~~~~~~~~~~~~~~~~~~~~~~~~~~~~~~~
                                     Thread n°6
~~~~~~~~~~~~~~~~~~~~~~~~~~~~~~~~~~~~~~~~~~~~~~~~~~~~~~~~~~~~~~~~~~~~~~~~~~~~~~~~~~~~~~
~~~~~~~~~~~~~~~~~~~~~~~~~~~~~~~~~~~~~~~~~~~~~~~~~~~~~~~~~~~~~~~~~~~~~~~~~~~~~~~~~~~~~~
                                     Thread n°7
~~~~~~~~~~~~~~~~~~~~~~~~~~~~~~~~~~~~~~~~~~~~~~~~~~~~~~~~~~~~~~~~~~~~~~~~~~~~~~~~~~~~~~
~~~~~~~~~~~~~~~~~~~~~~~~~~~~~~~~~~~~~~~~~~~~~~~~~~~~~~~~~~~~~~~~~~~~~~~~~~~~~~~~~~~~~~
                                     Thread n°8
~~~~~~~~~~~~~~~~~~~~~~~~~~~~~~~~~~~~~~~~~~~~~~~~~~~~~~~~~~~~~~~~~~~~~~~~~~~~~~~~~~~~~~
~~~~~~~~~~~~~~~~~~~~~~~~~~~~~~~~~~~~~~~~~~~~~~~~~~~~~~~~~~~~~~~~~~~~~~~~~~~~~~~~~~~~~~
                                     Thread n°9
~~~~~~~~~~~~~~~~~~~~~~~~~~~~~~~~~~~~~~~~~~~~~~~~~~~~~~~~~~~~~~~~~~~~~~~~~~~~~~~~~~~~~~
~~~~~~~~~~~~~~~~~~~~~~~~~~~~~~~~~~~~~~~~~~~~~~~~~~~~~~~~~~~~~~~~~~~~~~~~~~~~~~~~~~~~~~
                                     Thread n°10
~~~~~~~~~~~~~~~~~~~~~~~~~~~~~~~~~~~~~~~~~~~~~~~~~~~~~~~~~~~~~~~~~~~~~~~~~~~~~~~~~~~~~~
~~~~~~~~~~~~~~~~~~~~~~~~~~~~~~~~~~~~~~~~~~~~~~~~~~~~~~~~~~~~~~~~~~~~~~~~~~~~~~~~~~~~~~
                                     Thread n°11
~~~~~~~~~~~~~~~~~~~~~~~~~~~~~~~~~~~~~~~~~~~~~~~~~~~~~~~~~~~~~~~~~~~~~~~~~~~~~~~~~~~~~~
Nodes = 1
Root node bound = -51106.60583
Best value = inf
Gap = 100.01%
Maximum memory usage : 21.133 MB
CPU time = 6.4256 s
