*******************************************************************************
*                          MLT BIQ CRUNCH 2.0 Solver                          *
*******************************************************************************
| Copyright(C) 2010-2017 N. Krislock, J. Malick, F. Roupin                    |
| Multi-threaded version by C.Coti, F.Butelle, E.Leclercq, F. Roupin          |
| BIQ CRUNCH uses L-BFGS-B by C. Zhu, R. Byrd, J. Nocedal and BOB 1.0 by PNN  |
| Team of PRiSM Laboratory.                                                   |
|                                                                             |
| L-BFGS-B is distributed under the terms of the New BSD License. See the     |
| website http://users.eecs.northwestern.edu/~nocedal/lbfgsb.html for more    |
| information. BOB is free software. For more information visit the website   |
| http://www.prism.uvsq.fr/~blec/index.php?p=./rech/so&lang=fr                |
*******************************************************************************
BiqCrunch Parameters:
             nbProcs = 16
             MLTBlas = 0
              alpha0 = 10.000000
          scaleAlpha = 0.500000
            minAlpha = 0.000010
                tol0 = 0.080000
            scaleTol = 0.930000
              minTol = 0.050000
            withCuts = 1
             gapCuts = -0.050000
                cuts = 500
             minCuts = 50
            nitermax = 2000
            minNiter = 12
            maxNiter = 100
           maxNAiter = 50
             scaling = 1
                root = 0
              heur_1 = 1
              heur_2 = 1
              heur_3 = 1
 soln_value_provided = 0
          soln_value = 0
          time_limit = 0
   branchingStrategy = 1
                seed = 2016
               NBGW1 = 1
               NBGW2 = 10
        local_search = 1

Input file: examples/g05_60.4.bc
Solving as a MAXIMIZATION problem
Problem Size = 59 Number of equalities = 60 Number of inequalities = 0
Using Max-Cut heuristic

~~~~~~~~~~~~~~~~~~~~~~~~~~~~~~~~~~~~~~~~~~~~~~~~~~~~~~~~~~~~~~~~~~~~~~~~~~~~~~~~~~~~~~
                                     Thread n°0
~~~~~~~~~~~~~~~~~~~~~~~~~~~~~~~~~~~~~~~~~~~~~~~~~~~~~~~~~~~~~~~~~~~~~~~~~~~~~~~~~~~~~~
Heuristic 1: 	Beta updated => 513

**************************************************************************************
                                     Node 1
**************************************************************************************
Problem size 59
Fixed variables:
Thread = 0
Heuristic 2: 	Beta updated => 519
======================================================================================
Iter    Time    gap  alpha    tol  nbit  Enorm  Inorm  ynorm  minCut  NCut  NSub  NAdd
======================================================================================
   1     0.0  17629.0  1e+01  8e-02     9  5e-04  0e+00  9e+02   9e-01     0  -0    +0  
   2     0.0  8783.9  5e+00  7e-02     7  3e-02  0e+00  9e+02   9e-01     0  -0    +0  
   3     0.0  4365.5  2e+00  7e-02     7  1e-02  0e+00  9e+02   8e-01     0  -0    +0  
   4     0.0  2164.0  1e+00  6e-02     7  5e-02  0e+00  9e+02   6e-01     0  -0    +0  
   5     0.0  1072.8  6e-01  6e-02     8  7e-03  0e+00  9e+02   2e-01     0  -0    +0  
   6     0.1  534.3  3e-01  6e-02     8  5e-03  0e+00  9e+02  -8e-02     1  -0    +1  
Heuristic 2: 	Beta updated => 522
   7     0.1  267.2  2e-01  5e-02     6  4e-02  0e+00  9e+02  -3e-01   122  -0    +121
   8     0.1  266.9  2e-01  5e-02     4  5e-02  1e-02  9e+02  -3e-02   105  -17   +0  
Heuristic 2: 	Beta updated => 524
   9     0.1  135.0  8e-02  5e-02     5  3e-02  4e-02  9e+02  -3e-01   404  -0    +299
  10     0.1  134.6  8e-02  5e-02     8  2e-02  4e-02  9e+02  -8e-02   272  -136  +4  
  11     0.1   70.2  4e-02  5e-02     9  2e-02  4e-02  9e+02  -2e-01   381  -11   +120
Heuristic 2: 	Beta updated => 525
  12     0.1   69.1  4e-02  5e-02     7  2e-02  5e-02  9e+02  -6e-02   372  -17   +8  
  13     0.1   37.2  2e-02  5e-02    13  1e-02  4e-02  9e+02  -2e-01   442  -21   +91 
  14     0.1   37.2  2e-02  5e-02     3  5e-02  4e-02  9e+02  -4e-02   442  -0    +0  
  15     0.1   21.4  1e-02  5e-02    17  2e-02  5e-02  9e+02  -2e-01   537  -20   +115
  16     0.1   21.4  1e-02  5e-02    12  1e-02  5e-02  9e+02  -1e-01   529  -34   +26 
  17     0.1   13.5  5e-03  5e-02    30  1e-02  3e-02  9e+02  -1e-01   532  -37   +40 
  18     0.1    9.6  2e-03  5e-02    39  1e-02  4e-02  9e+02  -9e-02   519  -20   +7  
  19     0.1    7.7  1e-03  5e-02    44  3e-02  5e-02  9e+02  -1e-01   520  -14   +15 
  20     0.2    6.7  6e-04  5e-02    56  2e-02  4e-02  9e+02  -1e-01   541  -4    +25 
  21     0.2    6.2  3e-04  5e-02    75  2e-02  5e-02  9e+02  -1e-01   559  -11   +29 
  22     0.2    6.0  2e-04  5e-02    32  2e-02  5e-02  9e+02  -7e-02   555  -12   +8  
  23     0.3    5.8  8e-05  5e-02   228  2e-02  5e-02  9e+02     nan   555  -0    +0  
======================================================================================
Giving up! Bound = 530.84, Iter = 23, alpha = 8e-05, tol = 5e-02, cuts = 555, time = 0.3
======================================================================================
Depth = 0, Bound = 530, Best = 525

~~~~~~~~~~~~~~~~~~~~~~~~~~~~~~~~~~~~~~~~~~~~~~~~~~~~~~~~~~~~~~~~~~~~~~~~~~~~~~~~~~~~~~
                                     Thread n°1
~~~~~~~~~~~~~~~~~~~~~~~~~~~~~~~~~~~~~~~~~~~~~~~~~~~~~~~~~~~~~~~~~~~~~~~~~~~~~~~~~~~~~~
Branching on x[33] = 0.51
Fixing x[33] = 0

**************************************************************************************
                                     Node 4
**************************************************************************************
Problem size 57
Fixed variables: (x[1],0) (x[33],0)
Thread = 1
======================================================================================
Iter    Time    gap  alpha    tol  nbit  Enorm  Inorm  ynorm  minCut  NCut  NSub  NAdd
======================================================================================
   1     0.0  16451.1  1e+01  8e-02     8  2e-02  0e+00  5e+02   8e-01     0  -0    +0  
   2     0.0  8191.2  5e+00  7e-02     7  7e-02  0e+00  5e+02   7e-01     0  -0    +0  
   3     0.0  4065.1  2e+00  7e-02     9  3e-02  0e+00  5e+02   6e-01     0  -0    +0  
   4     0.0  2009.6  1e+00  6e-02     6  4e-02  0e+00  5e+02   4e-01     0  -0    +0  
   5     0.0  991.2  6e-01  6e-02     8  2e-02  0e+00  5e+02   1e-01     0  -0    +0  
   6     0.0  489.1  3e-01  6e-02     7  5e-02  0e+00  5e+02  -9e-02     1  -0    +1  
   7     0.0  243.0  2e-01  5e-02     7  1e-02  0e+00  5e+02  -3e-01   163  -0    +162
   8     0.1  242.5  2e-01  5e-02     5  3e-02  5e-02  5e+02  -5e-02   110  -53   +0  
   9     0.1  121.2  8e-02  5e-02    10  8e-03  3e-02  5e+02  -2e-01   300  -3    +193
  10     0.1  120.9  8e-02  5e-02     8  2e-02  4e-02  5e+02  -8e-02   257  -50   +7  
  11     0.1   60.9  4e-02  5e-02    11  2e-02  3e-02  5e+02  -2e-01   356  -11   +110
  12     0.1   60.8  4e-02  5e-02     8  1e-02  4e-02  5e+02  -7e-02   341  -20   +5  
  13     0.1   31.2  2e-02  5e-02    13  1e-02  4e-02  5e+02  -2e-01   414  -17   +90 
  14     0.1   31.1  2e-02  5e-02     9  1e-02  4e-02  5e+02  -8e-02   412  -16   +14 
  15     0.1   16.5  1e-02  5e-02    18  2e-02  4e-02  5e+02  -2e-01   469  -20   +77 
  16     0.1   16.4  1e-02  5e-02    16  1e-02  5e-02  5e+02  -1e-01   451  -29   +11 
  17     0.1    9.2  5e-03  5e-02    20  3e-02  5e-02  5e+02  -1e-01   460  -9    +18 
  18     0.1    5.6  2e-03  5e-02    40  1e-02  5e-02  5e+02  -1e-01   509  -18   +67 
  19     0.1    5.6  2e-03  5e-02    20  3e-02  4e-02  5e+02  -9e-02   498  -24   +13 
  20     0.2    3.8  1e-03  5e-02    59  2e-02  4e-02  5e+02  -9e-02   498  -18   +18 
  21     0.2    2.9  6e-04  5e-02    82  2e-02  5e-02  5e+02  -9e-02   513  -6    +21 
  22     0.2    2.5  3e-04  5e-02   108  2e-02  5e-02  5e+02  -1e-01   530  -10   +27 
  23     0.3    2.3  2e-04  5e-02   110  2e-02  4e-02  5e+02  -1e-01   537  -10   +17 
  24     0.3    2.2  8e-05  5e-02   160  3e-02  5e-02  5e+02     nan   537  -0    +0  
======================================================================================
Giving up! Bound = 529.17, Iter = 24, alpha = 8e-05, tol = 5e-02, cuts = 537, time = 0.3
======================================================================================
Depth = 2, Bound = 529, Best = 527

Fixing x[33] = 1

**************************************************************************************
                                     Node 5
**************************************************************************************
Problem size 57
Fixed variables: (x[1],0) (x[33],1)
Thread = 1
======================================================================================
Iter    Time    gap  alpha    tol  nbit  Enorm  Inorm  ynorm  minCut  NCut  NSub  NAdd
======================================================================================
   1     0.0  16451.3  1e+01  8e-02     8  3e-03  0e+00  5e+02   9e-01     0  -0    +0  
   2     0.0  8191.1  5e+00  7e-02     7  7e-03  0e+00  5e+02   8e-01     0  -0    +0  
   3     0.0  4065.4  2e+00  7e-02     6  5e-02  0e+00  5e+02   6e-01     0  -0    +0  
   4     0.0  2009.8  1e+00  6e-02     7  6e-02  0e+00  5e+02   4e-01     0  -0    +0  
   5     0.0  991.3  6e-01  6e-02     6  2e-02  0e+00  5e+02   2e-01     0  -0    +0  
   6     0.0  489.1  3e-01  6e-02     5  3e-02  0e+00  5e+02  -1e-01     3  -0    +3  
   7     0.0  242.6  2e-01  5e-02     7  1e-02  8e-03  5e+02  -3e-01   115  -0    +112
   8     0.0  242.3  2e-01  5e-02     4  4e-02  2e-02  5e+02  -2e-02    96  -19   +0  
   9     0.1  121.0  8e-02  5e-02     8  1e-02  3e-02  5e+02  -2e-01   276  -3    +183
  10     0.1  120.8  8e-02  5e-02     7  2e-02  5e-02  5e+02  -7e-02   235  -44   +3  
  11     0.1   60.8  4e-02  5e-02     9  1e-02  4e-02  5e+02  -2e-01   344  -12   +121
  12     0.1   60.7  4e-02  5e-02     8  2e-02  4e-02  5e+02  -8e-02   333  -19   +8  
  13     0.1   31.0  2e-02  5e-02    12  2e-02  5e-02  5e+02  -2e-01   474  -12   +153
  14     0.1   30.9  2e-02  5e-02    10  1e-02  4e-02  5e+02  -9e-02   437  -43   +6  
  15     0.1   16.3  1e-02  5e-02    18  1e-02  4e-02  5e+02  -2e-01   476  -23   +62 
  16     0.1   16.3  1e-02  5e-02     8  2e-02  5e-02  5e+02  -8e-02   474  -13   +11 
  17     0.1    9.1  5e-03  5e-02    27  2e-02  5e-02  5e+02  -1e-01   499  -19   +44 
  18     0.1    5.5  2e-03  5e-02    45  1e-02  4e-02  5e+02  -9e-02   502  -31   +34 
  19     0.1    3.7  1e-03  5e-02    45  3e-02  4e-02  5e+02  -6e-02   496  -14   +8  
  20     0.2    2.9  6e-04  5e-02    71  2e-02  4e-02  5e+02  -1e-01   519  -14   +37 
  21     0.2    2.4  3e-04  5e-02    93  2e-02  5e-02  5e+02  -1e-01   534  -14   +29 
  22     0.3    2.2  2e-04  5e-02   113  2e-02  5e-02  5e+02  -1e-01   554  -12   +32 
  23     0.3    2.1  8e-05  5e-02   136  2e-02  5e-02  5e+02     nan   554  -0    +0  
======================================================================================
Giving up! Bound = 529.09, Iter = 23, alpha = 8e-05, tol = 5e-02, cuts = 554, time = 0.3
======================================================================================
Depth = 2, Bound = 529, Best = 527

Branching on x[52] = 0.52
Fixing x[52] = 0

**************************************************************************************
                                     Node 20
**************************************************************************************
Problem size 55
Fixed variables: (x[1],1) (x[3],0) (x[34],1) (x[52],0)
Thread = 1
======================================================================================
Iter    Time    gap  alpha    tol  nbit  Enorm  Inorm  ynorm  minCut  NCut  NSub  NAdd
======================================================================================
   1     0.0  15320.8  1e+01  8e-02     9  2e-02  0e+00  4e+02   8e-01     0  -0    +0  
   2     0.0  7625.6  5e+00  7e-02     7  2e-03  0e+00  4e+02   7e-01     0  -0    +0  
   3     0.0  3782.1  2e+00  7e-02     7  4e-03  0e+00  4e+02   5e-01     0  -0    +0  
   4     0.0  1867.8  1e+00  6e-02     6  2e-02  0e+00  4e+02   3e-01     0  -0    +0  
   5     0.0  919.6  6e-01  6e-02     6  2e-02  0e+00  4e+02   1e-01     0  -0    +0  
   6     0.0  452.4  3e-01  6e-02     5  2e-02  0e+00  4e+02  -2e-01     7  -0    +7  
   7     0.0  223.4  2e-01  5e-02     5  2e-02  2e-02  4e+02  -3e-01   142  -0    +135
   8     0.0  223.1  2e-01  5e-02     4  5e-02  3e-02  4e+02  -5e-02   110  -32   +0  
   9     0.1  110.2  8e-02  5e-02     9  9e-03  4e-02  4e+02  -2e-01   264  -2    +156
  10     0.1  109.9  8e-02  5e-02     8  1e-02  4e-02  4e+02  -7e-02   230  -38   +4  
  11     0.1   54.3  4e-02  5e-02    11  1e-02  3e-02  4e+02  -2e-01   370  -12   +152
  12     0.1   54.1  4e-02  5e-02     8  2e-02  4e-02  4e+02  -7e-02   349  -28   +7  
  13     0.1   26.6  2e-02  5e-02    17  1e-02  4e-02  4e+02  -1e-01   380  -28   +59 
  14     0.1   26.6  2e-02  5e-02     3  3e-02  5e-02  4e+02  -5e-02   380  -0    +0  
  15     0.1   13.0  1e-02  5e-02    20  2e-02  5e-02  4e+02  -2e-01   446  -30   +96 
  16     0.1   12.9  1e-02  5e-02    14  2e-02  4e-02  4e+02  -1e-01   441  -27   +22 
  17     0.1    6.3  5e-03  5e-02    24  2e-02  5e-02  4e+02  -2e-01   460  -18   +37 
  18     0.1    3.1  2e-03  5e-02    49  2e-02  5e-02  4e+02  -1e-01   503  -21   +64 
  19     0.1    3.1  2e-03  5e-02    20  2e-02  5e-02  4e+02  -9e-02   513  -21   +31 
  20     0.1    1.5  1e-03  5e-02    44  3e-02  5e-02  4e+02  -1e-01   527  -15   +29 
  21     0.2    0.9  6e-04  5e-02     4  2e-01  3e-01  4e+02     nan   527  -0    +0  
======================================================================================
Prune! Bound = 527.93, Iter = 21, alpha = 6e-04, tol = 5e-02, cuts = 527, time = 0.2
======================================================================================
Depth = 4, Bound = 527, Best = 527

Fixing x[52] = 1

**************************************************************************************
                                     Node 23
**************************************************************************************
Problem size 55
Fixed variables: (x[1],1) (x[3],0) (x[34],1) (x[52],1)
Thread = 1
======================================================================================
Iter    Time    gap  alpha    tol  nbit  Enorm  Inorm  ynorm  minCut  NCut  NSub  NAdd
======================================================================================
   1     0.0  15320.7  1e+01  8e-02     9  7e-03  0e+00  4e+02   8e-01     0  -0    +0  
   2     0.0  7625.6  5e+00  7e-02     7  1e-03  0e+00  4e+02   7e-01     0  -0    +0  
   3     0.0  3782.4  2e+00  7e-02     7  3e-02  0e+00  4e+02   4e-01     0  -0    +0  
   4     0.0  1868.1  1e+00  6e-02     5  6e-02  0e+00  4e+02   1e-01     0  -0    +0  
   5     0.0  920.0  6e-01  6e-02     4  2e-02  0e+00  4e+02  -9e-02     1  -0    +1  
   6     0.0  452.7  3e-01  6e-02     4  2e-02  3e-03  4e+02  -2e-01    14  -0    +13 
   7     0.0  223.7  2e-01  5e-02     4  5e-02  2e-02  4e+02  -3e-01   228  -0    +214
   8     0.0  223.2  2e-01  5e-02     6  2e-02  5e-02  4e+02  -9e-02   134  -98   +4  
   9     0.0  110.3  8e-02  5e-02     9  2e-02  5e-02  4e+02  -2e-01   288  -4    +158
  10     0.1  110.1  8e-02  5e-02     8  1e-02  4e-02  4e+02  -6e-02   250  -40   +2  
  11     0.1   54.5  4e-02  5e-02    10  3e-02  5e-02  4e+02  -2e-01   457  -6    +213
  12     0.1   54.3  4e-02  5e-02     8  2e-02  5e-02  4e+02  -9e-02   408  -54   +5  
  13     0.1   26.8  2e-02  5e-02    17  1e-02  4e-02  4e+02  -1e-01   462  -31   +85 
  14     0.1   26.7  2e-02  5e-02    13  1e-02  4e-02  4e+02  -9e-02   444  -26   +8  
  15     0.1   13.2  1e-02  5e-02    20  2e-02  4e-02  4e+02  -1e-01   441  -24   +21 
  16     0.1    6.5  5e-03  5e-02    31  1e-02  4e-02  4e+02  -1e-01   507  -37   +103
  17     0.1    6.5  5e-03  5e-02    24  1e-02  5e-02  4e+02  -8e-02   495  -23   +11 
  18     0.1    3.2  2e-03  5e-02    36  2e-02  5e-02  4e+02  -1e-01   522  -24   +51 
  19     0.1    3.2  2e-03  5e-02    25  2e-02  5e-02  4e+02  -9e-02   527  -12   +17 
  20     0.2    1.6  1e-03  5e-02    56  2e-02  5e-02  4e+02  -1e-01   536  -15   +24 
  21     0.2    1.0  6e-04  5e-02     4  2e-01  4e-01  4e+02     nan   536  -0    +0  
======================================================================================
Prune! Bound = 527.99, Iter = 21, alpha = 6e-04, tol = 5e-02, cuts = 536, time = 0.2
======================================================================================
Depth = 4, Bound = 527, Best = 527

~~~~~~~~~~~~~~~~~~~~~~~~~~~~~~~~~~~~~~~~~~~~~~~~~~~~~~~~~~~~~~~~~~~~~~~~~~~~~~~~~~~~~~
                                     Thread n°2
~~~~~~~~~~~~~~~~~~~~~~~~~~~~~~~~~~~~~~~~~~~~~~~~~~~~~~~~~~~~~~~~~~~~~~~~~~~~~~~~~~~~~~
~~~~~~~~~~~~~~~~~~~~~~~~~~~~~~~~~~~~~~~~~~~~~~~~~~~~~~~~~~~~~~~~~~~~~~~~~~~~~~~~~~~~~~
                                     Thread n°3
~~~~~~~~~~~~~~~~~~~~~~~~~~~~~~~~~~~~~~~~~~~~~~~~~~~~~~~~~~~~~~~~~~~~~~~~~~~~~~~~~~~~~~
Branching on x[13] = 0.54
Fixing x[13] = 0

**************************************************************************************
                                     Node 17
**************************************************************************************
Problem size 55
Fixed variables: (x[1],1) (x[13],0) (x[27],0) (x[34],0)
Thread = 3
======================================================================================
Iter    Time    gap  alpha    tol  nbit  Enorm  Inorm  ynorm  minCut  NCut  NSub  NAdd
======================================================================================
   1     0.0  15320.5  1e+01  8e-02     9  6e-02  0e+00  4e+02   8e-01     0  -0    +0  
   2     0.0  7625.5  5e+00  7e-02     7  3e-02  0e+00  4e+02   7e-01     0  -0    +0  
   3     0.0  3781.7  2e+00  7e-02     7  5e-03  0e+00  4e+02   5e-01     0  -0    +0  
   4     0.0  1867.1  1e+00  6e-02     6  2e-02  0e+00  4e+02   2e-01     0  -0    +0  
   5     0.0  918.5  6e-01  6e-02     6  1e-02  0e+00  4e+02   4e-03     0  -0    +0  
   6     0.0  451.0  3e-01  6e-02     4  2e-02  0e+00  4e+02  -1e-01     4  -0    +4  
   7     0.0  222.2  2e-01  5e-02     5  3e-02  0e+00  4e+02  -3e-01   159  -0    +155
   8     0.0  221.8  2e-01  5e-02     4  5e-02  3e-02  4e+02  -4e-02   128  -31   +0  
   9     0.0  109.1  8e-02  5e-02    10  2e-02  4e-02  4e+02  -3e-01   301  -4    +177
  10     0.1  108.8  8e-02  5e-02     8  4e-02  4e-02  4e+02  -7e-02   248  -59   +6  
  11     0.1   53.0  4e-02  5e-02    10  2e-02  5e-02  4e+02  -2e-01   368  -11   +131
  12     0.1   52.9  4e-02  5e-02     9  3e-02  3e-02  4e+02  -5e-02   331  -38   +1  
  13     0.1   25.5  2e-02  5e-02    15  2e-02  3e-02  4e+02  -1e-01   368  -21   +58 
  14     0.1   25.4  2e-02  5e-02     6  5e-02  3e-02  4e+02  -6e-02   364  -5    +1  
  15     0.1   12.1  1e-02  5e-02    22  1e-02  5e-02  4e+02  -2e-01   470  -18   +124
  16     0.1   12.0  1e-02  5e-02    10  2e-02  5e-02  4e+02  -9e-02   460  -27   +17 
  17     0.1    5.6  5e-03  5e-02    31  2e-02  5e-02  4e+02  -2e-01   519  -25   +84 
  18     0.1    5.6  5e-03  5e-02    18  4e-02  3e-02  4e+02  -8e-02   498  -31   +10 
  19     0.1    2.6  2e-03  5e-02    45  2e-02  5e-02  4e+02  -1e-01   539  -37   +78 
  20     0.1    2.6  2e-03  5e-02    33  2e-02  4e-02  4e+02  -1e-01   532  -36   +29 
  21     0.2    1.3  1e-03  5e-02    80  2e-02  4e-02  4e+02  -1e-01   592  -44   +104
  22     0.2    1.3  1e-03  5e-02     4  4e-02  4e-02  4e+02  -5e-02   591  -1    +0  
  23     0.2    1.0  6e-04  5e-02     4  3e-01  7e-01  4e+02     nan   591  -0    +0  
======================================================================================
Prune! Bound = 527.97, Iter = 23, alpha = 6e-04, tol = 5e-02, cuts = 591, time = 0.2
======================================================================================
Depth = 4, Bound = 527, Best = 527

Fixing x[13] = 1

**************************************************************************************
                                     Node 19
**************************************************************************************
Problem size 55
Fixed variables: (x[1],1) (x[13],1) (x[27],0) (x[34],0)
Thread = 3
======================================================================================
Iter    Time    gap  alpha    tol  nbit  Enorm  Inorm  ynorm  minCut  NCut  NSub  NAdd
======================================================================================
   1     0.0  15321.7  1e+01  8e-02     9  1e-02  0e+00  4e+02   8e-01     0  -0    +0  
   2     0.0  7626.5  5e+00  7e-02     7  2e-03  0e+00  4e+02   7e-01     0  -0    +0  
   3     0.0  3783.0  2e+00  7e-02     7  6e-03  0e+00  4e+02   4e-01     0  -0    +0  
   4     0.0  1868.5  1e+00  6e-02     6  3e-02  0e+00  4e+02   3e-01     0  -0    +0  
   5     0.0  920.1  6e-01  6e-02     6  2e-02  0e+00  4e+02   1e-01     0  -0    +0  
   6     0.0  452.7  3e-01  6e-02     4  3e-02  0e+00  4e+02  -9e-02     3  -0    +3  
   7     0.0  224.0  2e-01  5e-02     5  4e-02  0e+00  4e+02  -3e-01   178  -0    +175
   8     0.0  223.5  2e-01  5e-02     7  1e-02  4e-02  4e+02  -9e-02   128  -59   +9  
   9     0.0  110.8  8e-02  5e-02    10  2e-02  4e-02  4e+02  -2e-01   308  -3    +183
  10     0.1  110.5  8e-02  5e-02     8  2e-02  3e-02  4e+02  -8e-02   255  -56   +3  
  11     0.1   54.7  4e-02  5e-02    10  3e-02  4e-02  4e+02  -2e-01   380  -4    +129
  12     0.1   54.6  4e-02  5e-02     8  2e-02  4e-02  4e+02  -8e-02   367  -22   +9  
  13     0.1   27.0  2e-02  5e-02    13  2e-02  4e-02  4e+02  -1e-01   431  -13   +77 
  14     0.1   27.0  2e-02  5e-02     8  2e-02  5e-02  4e+02  -9e-02   436  -10   +15 
  15     0.1   13.4  1e-02  5e-02    23  1e-02  5e-02  4e+02  -1e-01   450  -30   +44 
  16     0.1    6.7  5e-03  5e-02    32  2e-02  5e-02  4e+02  -1e-01   486  -20   +56 
  17     0.1    6.7  5e-03  5e-02    18  1e-02  4e-02  4e+02  -7e-02   477  -20   +11 
  18     0.1    3.5  2e-03  5e-02    45  1e-02  5e-02  4e+02  -1e-01   501  -26   +50 
  19     0.1    3.5  2e-03  5e-02    10  2e-02  4e-02  4e+02  -7e-02   507  -5    +11 
  20     0.2    2.0  1e-03  5e-02    49  2e-02  3e-02  4e+02  -1e-01   538  -15   +46 
  21     0.2    1.2  6e-04  5e-02   121  1e-02  5e-02  4e+02  -1e-01   569  -25   +56 
  22     0.2    1.2  6e-04  5e-02    57  2e-02  5e-02  4e+02  -7e-02   562  -25   +18 
  23     0.2    0.9  3e-04  5e-02     4  3e-01  6e-01  4e+02     nan   562  -0    +0  
======================================================================================
Prune! Bound = 527.93, Iter = 23, alpha = 3e-04, tol = 5e-02, cuts = 562, time = 0.2
======================================================================================
Depth = 4, Bound = 527, Best = 527

~~~~~~~~~~~~~~~~~~~~~~~~~~~~~~~~~~~~~~~~~~~~~~~~~~~~~~~~~~~~~~~~~~~~~~~~~~~~~~~~~~~~~~
                                     Thread n°4
~~~~~~~~~~~~~~~~~~~~~~~~~~~~~~~~~~~~~~~~~~~~~~~~~~~~~~~~~~~~~~~~~~~~~~~~~~~~~~~~~~~~~~
~~~~~~~~~~~~~~~~~~~~~~~~~~~~~~~~~~~~~~~~~~~~~~~~~~~~~~~~~~~~~~~~~~~~~~~~~~~~~~~~~~~~~~
                                     Thread n°5
~~~~~~~~~~~~~~~~~~~~~~~~~~~~~~~~~~~~~~~~~~~~~~~~~~~~~~~~~~~~~~~~~~~~~~~~~~~~~~~~~~~~~~
Branching on x[44] = 0.58
Fixing x[44] = 0

**************************************************************************************
                                     Node 13
**************************************************************************************
Problem size 55
Fixed variables: (x[1],0) (x[33],0) (x[42],0) (x[44],0)
Thread = 5
======================================================================================
Iter    Time    gap  alpha    tol  nbit  Enorm  Inorm  ynorm  minCut  NCut  NSub  NAdd
======================================================================================
   1     0.0  15321.8  1e+01  8e-02    10  1e-03  0e+00  4e+02   7e-01     0  -0    +0  
   2     0.0  7627.1  5e+00  7e-02     6  7e-02  0e+00  4e+02   7e-01     0  -0    +0  
   3     0.0  3783.6  2e+00  7e-02     6  4e-02  0e+00  4e+02   5e-01     0  -0    +0  
   4     0.0  1869.0  1e+00  6e-02     4  6e-02  0e+00  4e+02   2e-01     0  -0    +0  
   5     0.0  920.5  6e-01  6e-02     8  1e-02  0e+00  4e+02   2e-02     0  -0    +0  
   6     0.0  453.2  3e-01  6e-02     4  3e-02  0e+00  4e+02  -1e-01     1  -0    +1  
   7     0.0  224.3  2e-01  5e-02     5  4e-02  0e+00  4e+02  -3e-01   146  -0    +145
   8     0.0  223.7  2e-01  5e-02     6  2e-02  5e-02  4e+02  -8e-02   100  -50   +4  
   9     0.0  110.9  8e-02  5e-02     7  2e-02  5e-02  4e+02  -2e-01   271  -0    +171
  10     0.0  110.6  8e-02  5e-02     7  1e-02  5e-02  4e+02  -8e-02   228  -46   +3  
  11     0.1   54.8  4e-02  5e-02     9  2e-02  4e-02  4e+02  -2e-01   358  -6    +136
  12     0.1   54.6  4e-02  5e-02     8  1e-02  5e-02  4e+02  -9e-02   330  -35   +7  
  13     0.1   27.0  2e-02  5e-02    12  2e-02  4e-02  4e+02  -2e-01   391  -15   +76 
  14     0.1   26.9  2e-02  5e-02     9  2e-02  4e-02  4e+02  -6e-02   388  -12   +9  
  15     0.1   13.3  1e-02  5e-02    18  2e-02  4e-02  4e+02  -1e-01   407  -21   +40 
  16     0.1    6.5  5e-03  5e-02    32  2e-02  4e-02  4e+02  -1e-01   448  -22   +63 
  17     0.1    6.5  5e-03  5e-02    18  2e-02  4e-02  4e+02  -1e-01   441  -18   +11 
  18     0.1    3.2  2e-03  5e-02    48  2e-02  4e-02  4e+02  -8e-02   451  -18   +28 
  19     0.1    1.6  1e-03  5e-02    62  1e-02  5e-02  4e+02  -1e-01   489  -14   +52 
  20     0.2    1.6  1e-03  5e-02    10  2e-02  4e-02  4e+02  -1e-01   502  -4    +17 
  21     0.2    0.9  6e-04  5e-02     4  2e-01  5e-01  4e+02     nan   502  -0    +0  
======================================================================================
Prune! Bound = 527.86, Iter = 21, alpha = 6e-04, tol = 5e-02, cuts = 502, time = 0.2
======================================================================================
Depth = 4, Bound = 527, Best = 527

Fixing x[44] = 1

**************************************************************************************
                                     Node 15
**************************************************************************************
Problem size 55
Fixed variables: (x[1],0) (x[33],0) (x[42],0) (x[44],1)
Thread = 5
======================================================================================
Iter    Time    gap  alpha    tol  nbit  Enorm  Inorm  ynorm  minCut  NCut  NSub  NAdd
======================================================================================
   1     0.0  15320.7  1e+01  8e-02     9  7e-02  0e+00  4e+02   8e-01     0  -0    +0  
   2     0.0  7625.7  5e+00  7e-02     7  1e-02  0e+00  4e+02   6e-01     0  -0    +0  
   3     0.0  3782.2  2e+00  7e-02     7  7e-03  0e+00  4e+02   5e-01     0  -0    +0  
   4     0.0  1867.9  1e+00  6e-02     6  1e-02  0e+00  4e+02   3e-01     0  -0    +0  
   5     0.0  919.7  6e-01  6e-02     4  5e-02  0e+00  4e+02   3e-02     0  -0    +0  
   6     0.0  452.2  3e-01  6e-02     4  4e-02  0e+00  4e+02  -1e-01     5  -0    +5  
   7     0.0  223.3  2e-01  5e-02     5  2e-02  0e+00  4e+02  -3e-01   162  -0    +157
   8     0.0  222.9  2e-01  5e-02     4  5e-02  4e-02  4e+02  -5e-02   117  -46   +1  
   9     0.0  110.1  8e-02  5e-02     8  2e-02  5e-02  4e+02  -3e-01   309  -2    +194
  10     0.0  109.8  8e-02  5e-02     8  2e-02  3e-02  4e+02  -7e-02   247  -65   +3  
  11     0.1   54.1  4e-02  5e-02     9  2e-02  5e-02  4e+02  -2e-01   385  -13   +151
  12     0.1   53.9  4e-02  5e-02     9  1e-02  4e-02  4e+02  -8e-02   357  -36   +8  
  13     0.1   26.4  2e-02  5e-02    15  1e-02  5e-02  4e+02  -1e-01   391  -28   +62 
  14     0.1   26.4  2e-02  5e-02     8  2e-02  5e-02  4e+02  -1e-01   398  -7    +14 
  15     0.1   12.9  1e-02  5e-02    22  1e-02  4e-02  4e+02  -1e-01   456  -20   +78 
  16     0.1   12.9  1e-02  5e-02     3  3e-02  5e-02  4e+02  -5e-02   454  -2    +0  
  17     0.1    6.3  5e-03  5e-02    30  2e-02  4e-02  4e+02  -1e-01   465  -37   +48 
  18     0.1    3.2  2e-03  5e-02    49  2e-02  5e-02  4e+02  -2e-01   581  -31   +147
  19     0.1    3.2  2e-03  5e-02    36  1e-02  5e-02  4e+02  -1e-01   553  -56   +28 
  20     0.2    1.7  1e-03  5e-02    76  1e-02  5e-02  4e+02  -1e-01   570  -27   +44 
  21     0.2    1.0  6e-04  5e-02    88  2e-02  7e-02  4e+02     nan   570  -0    +0  
======================================================================================
Prune! Bound = 528.00, Iter = 21, alpha = 6e-04, tol = 5e-02, cuts = 570, time = 0.2
======================================================================================
Depth = 4, Bound = 527, Best = 527

Branching on x[43] = 0.48
Fixing x[43] = 0

**************************************************************************************
                                     Node 18
**************************************************************************************
Problem size 55
Fixed variables: (x[1],0) (x[33],0) (x[42],1) (x[43],0)
Thread = 5
======================================================================================
Iter    Time    gap  alpha    tol  nbit  Enorm  Inorm  ynorm  minCut  NCut  NSub  NAdd
======================================================================================
   1     0.0  15320.8  1e+01  8e-02     9  4e-02  0e+00  4e+02   8e-01     0  -0    +0  
   2     0.0  7626.3  5e+00  7e-02     7  7e-02  0e+00  4e+02   7e-01     0  -0    +0  
   3     0.0  3782.2  2e+00  7e-02     6  6e-02  0e+00  4e+02   5e-01     0  -0    +0  
   4     0.0  1867.7  1e+00  6e-02     6  4e-02  0e+00  4e+02   2e-01     0  -0    +0  
   5     0.0  919.4  6e-01  6e-02     6  4e-02  0e+00  4e+02   1e-02     0  -0    +0  
   6     0.0  452.4  3e-01  6e-02     5  4e-02  0e+00  4e+02  -1e-01     4  -0    +4  
   7     0.0  223.9  2e-01  5e-02     5  4e-02  2e-02  4e+02  -3e-01   184  -0    +180
   8     0.0  223.3  2e-01  5e-02     8  1e-02  2e-02  4e+02  -2e-01   120  -70   +6  
   9     0.0  110.7  8e-02  5e-02     9  1e-02  4e-02  4e+02  -2e-01   323  -6    +209
  10     0.1  110.4  8e-02  5e-02     8  2e-02  3e-02  4e+02  -9e-02   269  -59   +5  
  11     0.1   54.6  4e-02  5e-02    11  1e-02  4e-02  4e+02  -2e-01   349  -8    +88 
  12     0.1   54.5  4e-02  5e-02     8  1e-02  3e-02  4e+02  -7e-02   345  -12   +8  
  13     0.1   27.0  2e-02  5e-02    16  1e-02  4e-02  4e+02  -2e-01   424  -17   +96 
  14     0.1   26.9  2e-02  5e-02    13  9e-03  4e-02  4e+02  -8e-02   417  -21   +14 
  15     0.1   13.4  1e-02  5e-02    18  2e-02  5e-02  4e+02  -2e-01   470  -18   +71 
  16     0.1   13.3  1e-02  5e-02    20  2e-02  4e-02  4e+02  -9e-02   452  -34   +16 
  17     0.1    6.8  5e-03  5e-02    20  3e-02  5e-02  4e+02  -1e-01   487  -9    +44 
  18     0.1    3.5  2e-03  5e-02    46  2e-02  5e-02  4e+02  -2e-01   541  -27   +81 
  19     0.1    3.5  2e-03  5e-02    30  3e-02  4e-02  4e+02  -7e-02   516  -32   +7  
  20     0.2    2.0  1e-03  5e-02    44  2e-02  5e-02  4e+02  -1e-01   545  -12   +41 
  21     0.2    1.2  6e-04  5e-02    88  3e-02  5e-02  4e+02  -9e-02   530  -29   +14 
  22     0.2    0.9  3e-04  5e-02     4  2e-01  6e-01  4e+02     nan   530  -0    +0  
======================================================================================
Prune! Bound = 527.95, Iter = 22, alpha = 3e-04, tol = 5e-02, cuts = 530, time = 0.2
======================================================================================
Depth = 4, Bound = 527, Best = 527

Fixing x[43] = 1

**************************************************************************************
                                     Node 22
**************************************************************************************
Problem size 55
Fixed variables: (x[1],0) (x[33],0) (x[42],1) (x[43],1)
Thread = 5
======================================================================================
Iter    Time    gap  alpha    tol  nbit  Enorm  Inorm  ynorm  minCut  NCut  NSub  NAdd
======================================================================================
   1     0.0  15321.1  1e+01  8e-02     9  1e-02  0e+00  4e+02   8e-01     0  -0    +0  
   2     0.0  7625.8  5e+00  7e-02     7  2e-03  0e+00  4e+02   7e-01     0  -0    +0  
   3     0.0  3782.1  2e+00  7e-02     7  3e-03  0e+00  4e+02   5e-01     0  -0    +0  
   4     0.0  1867.5  1e+00  6e-02     6  5e-02  0e+00  4e+02   3e-01     0  -0    +0  
   5     0.0  919.0  6e-01  6e-02     7  2e-02  0e+00  4e+02   1e-01     0  -0    +0  
   6     0.0  452.0  3e-01  6e-02     5  2e-02  0e+00  4e+02  -1e-01     3  -0    +3  
   7     0.1  223.3  2e-01  5e-02     5  2e-02  1e-02  4e+02  -3e-01   177  -0    +174
   8     0.1  222.8  2e-01  5e-02     7  1e-02  3e-02  4e+02  -5e-02   126  -52   +1  
   9     0.1  110.2  8e-02  5e-02     9  2e-02  5e-02  4e+02  -2e-01   346  -2    +222
  10     0.1  109.9  8e-02  5e-02     8  2e-02  5e-02  4e+02  -5e-02   273  -75   +2  
  11     0.1   54.2  4e-02  5e-02    10  2e-02  4e-02  4e+02  -2e-01   357  -8    +92 
  12     0.1   54.1  4e-02  5e-02     8  1e-02  5e-02  4e+02  -9e-02   355  -17   +15 
  13     0.1   26.6  2e-02  5e-02    14  2e-02  5e-02  4e+02  -2e-01   418  -15   +78 
  14     0.1   26.5  2e-02  5e-02     9  2e-02  4e-02  4e+02  -8e-02   418  -10   +10 
  15     0.1   13.1  1e-02  5e-02    25  2e-02  5e-02  4e+02  -2e-01   517  -32   +131
  16     0.1   13.0  1e-02  5e-02    17  2e-02  4e-02  4e+02  -9e-02   483  -47   +13 
  17     0.1    6.5  5e-03  5e-02    31  3e-02  4e-02  4e+02  -1e-01   503  -32   +52 
  18     0.1    6.5  5e-03  5e-02     6  3e-02  5e-02  4e+02  -9e-02   513  -3    +13 
  19     0.1    3.3  2e-03  5e-02    42  2e-02  5e-02  4e+02  -1e-01   545  -31   +63 
  20     0.2    3.3  2e-03  5e-02    36  2e-02  4e-02  4e+02  -1e-01   526  -43   +24 
  21     0.2    1.8  1e-03  5e-02    72  2e-02  5e-02  4e+02  -1e-01   548  -17   +39 
  22     0.2    1.1  6e-04  5e-02    67  2e-02  5e-02  4e+02  -9e-02   555  -24   +31 
  23     0.2    0.9  3e-04  5e-02     4  2e-01  6e-01  4e+02     nan   555  -0    +0  
======================================================================================
Prune! Bound = 527.86, Iter = 23, alpha = 3e-04, tol = 5e-02, cuts = 555, time = 0.2
======================================================================================
Depth = 4, Bound = 527, Best = 527

~~~~~~~~~~~~~~~~~~~~~~~~~~~~~~~~~~~~~~~~~~~~~~~~~~~~~~~~~~~~~~~~~~~~~~~~~~~~~~~~~~~~~~
                                     Thread n°6
~~~~~~~~~~~~~~~~~~~~~~~~~~~~~~~~~~~~~~~~~~~~~~~~~~~~~~~~~~~~~~~~~~~~~~~~~~~~~~~~~~~~~~
Branching on x[34] = 0.50
Fixing x[34] = 0

**************************************************************************************
                                     Node 7
**************************************************************************************
Problem size 57
Fixed variables: (x[1],1) (x[34],0)
Thread = 6
======================================================================================
Iter    Time    gap  alpha    tol  nbit  Enorm  Inorm  ynorm  minCut  NCut  NSub  NAdd
======================================================================================
   1     0.0  16451.3  1e+01  8e-02     8  4e-03  0e+00  5e+02   9e-01     0  -0    +0  
   2     0.0  8191.1  5e+00  7e-02     7  1e-02  0e+00  5e+02   8e-01     0  -0    +0  
   3     0.0  4065.3  2e+00  7e-02     6  4e-02  0e+00  5e+02   6e-01     0  -0    +0  
   4     0.0  2009.5  1e+00  6e-02     7  3e-02  0e+00  5e+02   3e-01     0  -0    +0  
   5     0.0  990.8  6e-01  6e-02     7  2e-02  0e+00  5e+02   6e-02     0  -0    +0  
   6     0.0  488.4  3e-01  6e-02     6  4e-02  0e+00  5e+02  -1e-01     2  -0    +2  
   7     0.0  242.2  2e-01  5e-02     5  3e-02  1e-02  5e+02  -3e-01   154  -0    +152
   8     0.0  241.8  2e-01  5e-02     4  5e-02  5e-02  5e+02  -5e-02   114  -40   +0  
   9     0.1  120.6  8e-02  5e-02    10  3e-02  4e-02  5e+02  -3e-01   315  -6    +207
  10     0.1  120.3  8e-02  5e-02     8  2e-02  3e-02  5e+02  -8e-02   257  -66   +8  
  11     0.1   60.3  4e-02  5e-02     9  3e-02  4e-02  5e+02  -2e-01   368  -5    +116
  12     0.1   60.2  4e-02  5e-02     8  1e-02  4e-02  5e+02  -8e-02   353  -23   +8  
  13     0.1   30.5  2e-02  5e-02    16  1e-02  4e-02  5e+02  -1e-01   399  -18   +64 
  14     0.1   30.5  2e-02  5e-02    10  2e-02  4e-02  5e+02  -1e-01   405  -8    +14 
  15     0.1   15.8  1e-02  5e-02    22  1e-02  3e-02  5e+02  -1e-01   454  -16   +65 
  16     0.1   15.8  1e-02  5e-02     3  3e-02  5e-02  5e+02  -5e-02   454  -0    +0  
  17     0.1    8.6  5e-03  5e-02    28  2e-02  5e-02  5e+02  -1e-01   497  -20   +63 
  18     0.1    8.6  5e-03  5e-02     9  2e-02  5e-02  5e+02  -9e-02   506  -12   +21 
  19     0.1    5.1  2e-03  5e-02    34  3e-02  4e-02  5e+02  -2e-01   517  -20   +31 
  20     0.2    3.4  1e-03  5e-02    60  2e-02  5e-02  5e+02  -1e-01   518  -32   +33 
  21     0.2    2.6  6e-04  5e-02    96  1e-02  5e-02  5e+02  -1e-01   563  -24   +69 
  22     0.2    2.6  6e-04  5e-02    75  2e-02  5e-02  5e+02  -1e-01   544  -25   +6  
  23     0.3    2.2  3e-04  5e-02    91  2e-02  5e-02  5e+02  -9e-02   563  -9    +28 
  24     0.4    2.0  2e-04  5e-02   183  2e-02  5e-02  5e+02  -8e-02   569  -18   +24 
  25     0.4    1.9  8e-05  5e-02   174  1e-02  4e-02  5e+02  -9e-02   575  -12   +18 
  26     0.5    1.8  4e-05  5e-02   101  2e-02  5e-02  5e+02  -8e-02   582  -8    +15 
  27     0.5    1.8  2e-05  5e-02    54  2e-02  4e-02  5e+02  -9e-02   590  -2    +10 
  28     0.5    1.8  1e-05  5e-02    66  2e-02  5e-02  5e+02  -7e-02   594  -3    +7  
  29     0.5    1.8  1e-05  5e-02     5  2e-02  4e-02  5e+02  -5e-02   594  -0    +0  
======================================================================================
Stop bounding procedure! Bound = 528.80, Iter = 29, alpha = 1e-05, tol = 5e-02, cuts = 594, time = 0.5
======================================================================================
Depth = 2, Bound = 528, Best = 527

Fixing x[34] = 1

**************************************************************************************
                                     Node 10
**************************************************************************************
Problem size 57
Fixed variables: (x[1],1) (x[34],1)
Thread = 6
======================================================================================
Iter    Time    gap  alpha    tol  nbit  Enorm  Inorm  ynorm  minCut  NCut  NSub  NAdd
======================================================================================
   1     0.0  16450.4  1e+01  8e-02     8  3e-03  0e+00  5e+02   9e-01     0  -0    +0  
   2     0.0  8190.2  5e+00  7e-02     7  3e-03  0e+00  5e+02   8e-01     0  -0    +0  
   3     0.0  4064.6  2e+00  7e-02     6  4e-02  0e+00  5e+02   6e-01     0  -0    +0  
   4     0.0  2009.3  1e+00  6e-02     7  5e-02  0e+00  5e+02   3e-01     0  -0    +0  
   5     0.0  990.9  6e-01  6e-02     6  3e-02  0e+00  5e+02   1e-01     0  -0    +0  
   6     0.0  488.7  3e-01  6e-02     7  3e-02  0e+00  5e+02  -8e-02     6  -0    +6  
   7     0.0  242.5  2e-01  5e-02     4  3e-02  8e-03  5e+02  -3e-01   188  -0    +182
   8     0.0  242.1  2e-01  5e-02     4  3e-02  5e-02  5e+02  -5e-02   128  -60   +0  
   9     0.1  120.8  8e-02  5e-02     9  1e-02  5e-02  5e+02  -3e-01   312  -2    +186
  10     0.1  120.5  8e-02  5e-02     8  2e-02  3e-02  5e+02  -5e-02   256  -56   +0  
  11     0.1   60.7  4e-02  5e-02    11  9e-03  3e-02  5e+02  -3e-01   444  -7    +195
  12     0.1   60.5  4e-02  5e-02     9  2e-02  5e-02  5e+02  -6e-02   392  -57   +5  
  13     0.1   30.9  2e-02  5e-02    13  1e-02  5e-02  5e+02  -2e-01   460  -12   +80 
  14     0.1   30.9  2e-02  5e-02     9  1e-02  5e-02  5e+02  -1e-01   462  -15   +17 
  15     0.1   16.2  1e-02  5e-02    23  2e-02  5e-02  5e+02  -1e-01   485  -26   +49 
  16     0.1    9.0  5e-03  5e-02    32  2e-02  4e-02  5e+02  -1e-01   495  -35   +45 
  17     0.1    5.4  2e-03  5e-02    45  3e-02  3e-02  5e+02  -1e-01   500  -21   +26 
  18     0.2    3.7  1e-03  5e-02    56  3e-02  5e-02  5e+02  -2e-01   532  -14   +46 
  19     0.2    2.8  6e-04  5e-02   106  1e-02  5e-02  5e+02  -9e-02   525  -35   +28 
  20     0.3    2.4  3e-04  5e-02   134  3e-02  5e-02  5e+02  -1e-01   555  -18   +48 
  21     0.3    2.1  2e-04  5e-02   136  2e-02  5e-02  5e+02  -1e-01   574  -15   +34 
  22     0.4    2.0  8e-05  5e-02   175  2e-02  5e-02  5e+02     nan   574  -0    +0  
======================================================================================
Giving up! Bound = 529.02, Iter = 22, alpha = 8e-05, tol = 5e-02, cuts = 574, time = 0.4
======================================================================================
Depth = 2, Bound = 529, Best = 527

Branching on x[52] = 0.47
Fixing x[52] = 0

**************************************************************************************
                                     Node 24
**************************************************************************************
Problem size 55
Fixed variables: (x[1],1) (x[27],1) (x[34],0) (x[52],0)
Thread = 6
======================================================================================
Iter    Time    gap  alpha    tol  nbit  Enorm  Inorm  ynorm  minCut  NCut  NSub  NAdd
======================================================================================
   1     0.0  15322.0  1e+01  8e-02     9  9e-03  0e+00  4e+02   8e-01     0  -0    +0  
   2     0.0  7626.6  5e+00  7e-02     7  1e-03  0e+00  4e+02   7e-01     0  -0    +0  
   3     0.0  3782.9  2e+00  7e-02     7  3e-03  0e+00  4e+02   5e-01     0  -0    +0  
   4     0.0  1868.1  1e+00  6e-02     6  5e-02  0e+00  4e+02   3e-01     0  -0    +0  
   5     0.0  919.5  6e-01  6e-02     7  3e-02  0e+00  4e+02   2e-02     0  -0    +0  
   6     0.0  451.9  3e-01  6e-02     5  2e-02  0e+00  4e+02  -1e-01     2  -0    +2  
   7     0.0  223.0  2e-01  5e-02     4  3e-02  0e+00  4e+02  -3e-01   245  -0    +243
   8     0.0  222.5  2e-01  5e-02     7  2e-02  4e-02  4e+02  -4e-02   133  -112  +0  
   9     0.1  109.7  8e-02  5e-02    10  1e-02  3e-02  4e+02  -2e-01   314  -7    +188
  10     0.1  109.5  8e-02  5e-02     8  1e-02  4e-02  4e+02  -6e-02   273  -42   +1  
  11     0.1   53.8  4e-02  5e-02    10  4e-02  5e-02  4e+02  -2e-01   381  -24   +132
  12     0.1   53.6  4e-02  5e-02     8  1e-02  5e-02  4e+02  -8e-02   362  -29   +10 
  13     0.1   26.1  2e-02  5e-02    14  2e-02  3e-02  4e+02  -1e-01   425  -15   +78 
  14     0.1   26.0  2e-02  5e-02     9  1e-02  4e-02  4e+02  -9e-02   417  -12   +4  
  15     0.1   12.5  1e-02  5e-02    27  1e-02  4e-02  4e+02  -1e-01   418  -40   +41 
  16     0.1    6.0  5e-03  5e-02    38  1e-02  4e-02  4e+02  -2e-01   520  -37   +139
  17     0.1    6.0  5e-03  5e-02    18  2e-02  5e-02  4e+02  -9e-02   505  -51   +36 
  18     0.1    2.9  2e-03  5e-02    52  1e-02  5e-02  4e+02  -1e-01   512  -37   +44 
  19     0.2    1.5  1e-03  5e-02    76  1e-02  5e-02  4e+02  -2e-01   597  -37   +122
  20     0.2    1.5  1e-03  5e-02    52  4e-02  3e-02  4e+02  -8e-02   551  -51   +5  
  21     0.2    1.0  6e-04  5e-02     8  2e-01  5e-01  4e+02     nan   551  -0    +0  
======================================================================================
Prune! Bound = 528.00, Iter = 21, alpha = 6e-04, tol = 5e-02, cuts = 551, time = 0.2
======================================================================================
Depth = 4, Bound = 527, Best = 527

Fixing x[52] = 1

**************************************************************************************
                                     Node 25
**************************************************************************************
Problem size 55
Fixed variables: (x[1],1) (x[27],1) (x[34],0) (x[52],1)
Thread = 6
======================================================================================
Iter    Time    gap  alpha    tol  nbit  Enorm  Inorm  ynorm  minCut  NCut  NSub  NAdd
======================================================================================
   1     0.0  15321.1  1e+01  8e-02     9  1e-02  0e+00  4e+02   8e-01     0  -0    +0  
   2     0.0  7625.8  5e+00  7e-02     7  1e-03  0e+00  4e+02   7e-01     0  -0    +0  
   3     0.0  3782.2  2e+00  7e-02     7  4e-03  0e+00  4e+02   5e-01     0  -0    +0  
   4     0.0  1867.7  1e+00  6e-02     6  4e-02  0e+00  4e+02   3e-01     0  -0    +0  
   5     0.0  919.4  6e-01  6e-02     6  3e-02  0e+00  4e+02   1e-01     0  -0    +0  
   6     0.0  452.0  3e-01  6e-02     5  3e-02  0e+00  4e+02  -1e-01     4  -0    +4  
   7     0.0  223.1  2e-01  5e-02     5  1e-02  3e-02  4e+02  -3e-01   140  -0    +136
   8     0.0  222.6  2e-01  5e-02     6  2e-02  5e-02  4e+02  -8e-02   113  -30   +3  
   9     0.1  110.0  8e-02  5e-02    10  2e-02  4e-02  4e+02  -2e-01   330  -3    +220
  10     0.1  109.7  8e-02  5e-02     9  2e-02  5e-02  4e+02  -8e-02   259  -74   +3  
  11     0.1   53.9  4e-02  5e-02    12  9e-03  2e-02  4e+02  -2e-01   330  -10   +81 
  12     0.1   53.8  4e-02  5e-02     8  1e-02  4e-02  4e+02  -7e-02   333  -5    +8  
  13     0.1   26.3  2e-02  5e-02    13  2e-02  4e-02  4e+02  -1e-01   401  -10   +78 
  14     0.1   26.3  2e-02  5e-02    10  2e-02  4e-02  4e+02  -8e-02   393  -12   +4  
  15     0.1   12.8  1e-02  5e-02    15  2e-02  4e-02  4e+02  -2e-01   437  -18   +62 
  16     0.1   12.8  1e-02  5e-02     6  3e-02  4e-02  4e+02  -8e-02   443  -3    +9  
  17     0.1    6.3  5e-03  5e-02    33  2e-02  4e-02  4e+02  -1e-01   487  -24   +68 
  18     0.1    6.2  5e-03  5e-02    24  1e-02  4e-02  4e+02  -1e-01   490  -18   +21 
  19     0.1    3.1  2e-03  5e-02    52  2e-02  4e-02  4e+02  -1e-01   517  -22   +49 
  20     0.2    1.7  1e-03  5e-02    80  2e-02  4e-02  4e+02  -1e-01   541  -32   +56 
  21     0.2    1.6  1e-03  5e-02    41  2e-02  4e-02  4e+02  -8e-02   522  -32   +13 
  22     0.2    1.0  6e-04  5e-02    96  1e-02  5e-02  4e+02  -1e-01   538  -19   +35 
  23     0.2    0.8  3e-04  5e-02     4  3e-01  7e-01  4e+02     nan   538  -0    +0  
======================================================================================
Prune! Bound = 527.82, Iter = 23, alpha = 3e-04, tol = 5e-02, cuts = 538, time = 0.2
======================================================================================
Depth = 4, Bound = 527, Best = 527

~~~~~~~~~~~~~~~~~~~~~~~~~~~~~~~~~~~~~~~~~~~~~~~~~~~~~~~~~~~~~~~~~~~~~~~~~~~~~~~~~~~~~~
                                     Thread n°7
~~~~~~~~~~~~~~~~~~~~~~~~~~~~~~~~~~~~~~~~~~~~~~~~~~~~~~~~~~~~~~~~~~~~~~~~~~~~~~~~~~~~~~
Branching on x[38] = 0.48
Fixing x[38] = 0

**************************************************************************************
                                     Node 8
**************************************************************************************
Problem size 56
Fixed variables: (x[1],0) (x[33],1) (x[38],0)
Thread = 7
======================================================================================
Iter    Time    gap  alpha    tol  nbit  Enorm  Inorm  ynorm  minCut  NCut  NSub  NAdd
======================================================================================
   1     0.0  15880.9  1e+01  8e-02     8  1e-02  0e+00  5e+02   8e-01     0  -0    +0  
   2     0.0  7905.7  5e+00  7e-02     7  7e-03  0e+00  5e+02   7e-01     0  -0    +0  
   3     0.0  3922.2  2e+00  7e-02     7  2e-03  0e+00  4e+02   5e-01     0  -0    +0  
   4     0.0  1938.0  1e+00  6e-02     4  6e-02  0e+00  4e+02   2e-01     0  -0    +0  
   5     0.0  954.7  6e-01  6e-02     8  2e-02  0e+00  4e+02   7e-02     0  -0    +0  
   6     0.0  470.1  3e-01  6e-02     6  4e-02  0e+00  4e+02  -1e-01     5  -0    +5  
   7     0.0  232.5  2e-01  5e-02     4  4e-02  4e-02  4e+02  -3e-01   198  -0    +193
   8     0.0  232.0  2e-01  5e-02     7  1e-02  3e-02  4e+02  -7e-02   129  -71   +2  
   9     0.1  115.0  8e-02  5e-02    10  2e-02  4e-02  4e+02  -3e-01   287  -4    +162
  10     0.1  114.8  8e-02  5e-02     8  1e-02  4e-02  4e+02  -6e-02   258  -31   +2  
  11     0.1   57.0  4e-02  5e-02     9  2e-02  5e-02  4e+02  -2e-01   435  -7    +184
  12     0.1   56.9  4e-02  5e-02     9  3e-02  4e-02  4e+02  -6e-02   389  -50   +4  
  13     0.1   28.3  2e-02  5e-02    14  2e-02  4e-02  4e+02  -2e-01   429  -22   +62 
  14     0.1   28.2  2e-02  5e-02    12  1e-02  4e-02  4e+02  -7e-02   411  -22   +4  
  15     0.1   14.2  1e-02  5e-02    16  2e-02  4e-02  4e+02  -1e-01   431  -18   +38 
  16     0.1    7.4  5e-03  5e-02    29  2e-02  4e-02  4e+02  -2e-01   550  -20   +139
  17     0.1    7.3  5e-03  5e-02    19  3e-02  4e-02  4e+02  -9e-02   512  -48   +10 
  18     0.1    4.0  2e-03  5e-02    32  4e-02  5e-02  4e+02  -1e-01   523  -18   +29 
  19     0.2    2.4  1e-03  5e-02    68  1e-02  4e-02  4e+02  -1e-01   560  -23   +60 
  20     0.2    2.4  1e-03  5e-02    11  4e-02  5e-02  4e+02  -1e-01   584  -14   +38 
  21     0.2    1.6  6e-04  5e-02    96  4e-02  4e-02  4e+02  -9e-02   570  -25   +11 
  22     0.2    1.3  3e-04  5e-02    55  4e-02  4e-02  4e+02  -1e-01   559  -16   +5  
  23     0.3    1.1  2e-04  5e-02   159  3e-02  5e-02  4e+02  -9e-02   570  -17   +28 
  24     0.4    1.0  8e-05  5e-02   163  4e-02  5e-02  4e+02  -1e-01   571  -16   +17 
  25     0.4    1.0  4e-05  5e-02     4  3e-01  5e-01  4e+02     nan   571  -0    +0  
======================================================================================
Prune! Bound = 527.99, Iter = 25, alpha = 4e-05, tol = 5e-02, cuts = 571, time = 0.4
======================================================================================
Depth = 3, Bound = 527, Best = 527

Fixing x[38] = 1

**************************************************************************************
                                     Node 11
**************************************************************************************
Problem size 56
Fixed variables: (x[1],0) (x[33],1) (x[38],1)
Thread = 7
======================================================================================
Iter    Time    gap  alpha    tol  nbit  Enorm  Inorm  ynorm  minCut  NCut  NSub  NAdd
======================================================================================
   1     0.0  15881.7  1e+01  8e-02     8  3e-03  0e+00  5e+02   9e-01     0  -0    +0  
   2     0.0  7906.5  5e+00  7e-02     8  5e-03  0e+00  5e+02   8e-01     0  -0    +0  
   3     0.0  3923.1  2e+00  7e-02     7  2e-03  0e+00  4e+02   5e-01     0  -0    +0  
   4     0.0  1938.9  1e+00  6e-02     4  5e-02  0e+00  4e+02   3e-01     0  -0    +0  
   5     0.0  955.7  6e-01  6e-02     8  2e-02  0e+00  4e+02   2e-01     0  -0    +0  
   6     0.0  471.0  3e-01  6e-02     6  3e-02  0e+00  4e+02  -1e-01     4  -0    +4  
   7     0.0  233.3  2e-01  5e-02     4  4e-02  0e+00  4e+02  -4e-01   171  -0    +167
   8     0.0  232.9  2e-01  5e-02     5  3e-02  4e-02  4e+02  -8e-02   110  -64   +3  
   9     0.0  115.8  8e-02  5e-02     9  2e-02  5e-02  4e+02  -2e-01   243  -3    +136
  10     0.1  115.5  8e-02  5e-02     8  1e-02  2e-02  4e+02  -5e-02   215  -28   +0  
  11     0.1   57.7  4e-02  5e-02     9  1e-02  5e-02  4e+02  -2e-01   358  -5    +148
  12     0.1   57.5  4e-02  5e-02     9  2e-02  3e-02  4e+02  -8e-02   336  -32   +10 
  13     0.1   28.9  2e-02  5e-02     8  4e-02  5e-02  4e+02  -2e-01   399  -13   +76 
  14     0.1   28.8  2e-02  5e-02    13  1e-02  2e-02  4e+02  -7e-02   378  -30   +9  
  15     0.1   14.7  1e-02  5e-02    17  2e-02  5e-02  4e+02  -1e-01   443  -19   +84 
  16     0.1   14.6  1e-02  5e-02    15  1e-02  4e-02  4e+02  -1e-01   428  -24   +9  
  17     0.1    7.7  5e-03  5e-02    20  2e-02  4e-02  4e+02  -1e-01   448  -9    +29 
  18     0.1    4.2  2e-03  5e-02    37  3e-02  4e-02  4e+02  -1e-01   498  -20   +70 
  19     0.1    4.2  2e-03  5e-02    22  3e-02  4e-02  4e+02  -8e-02   483  -22   +7  
  20     0.1    2.5  1e-03  5e-02    30  3e-02  5e-02  4e+02  -1e-01   495  -9    +21 
  21     0.2    1.7  6e-04  5e-02    60  3e-02  5e-02  4e+02  -1e-01   501  -15   +21 
  22     0.2    1.3  3e-04  5e-02    99  2e-02  5e-02  4e+02  -1e-01   522  -19   +40 
  23     0.3    1.0  2e-04  5e-02   150  3e-02  5e-02  4e+02  -7e-02   515  -14   +7  
  24     0.3    1.0  8e-05  5e-02     4  2e-01  5e-01  4e+02     nan   515  -0    +0  
======================================================================================
Prune! Bound = 527.97, Iter = 24, alpha = 8e-05, tol = 5e-02, cuts = 515, time = 0.3
======================================================================================
Depth = 3, Bound = 527, Best = 527

~~~~~~~~~~~~~~~~~~~~~~~~~~~~~~~~~~~~~~~~~~~~~~~~~~~~~~~~~~~~~~~~~~~~~~~~~~~~~~~~~~~~~~
                                     Thread n°8
~~~~~~~~~~~~~~~~~~~~~~~~~~~~~~~~~~~~~~~~~~~~~~~~~~~~~~~~~~~~~~~~~~~~~~~~~~~~~~~~~~~~~~
~~~~~~~~~~~~~~~~~~~~~~~~~~~~~~~~~~~~~~~~~~~~~~~~~~~~~~~~~~~~~~~~~~~~~~~~~~~~~~~~~~~~~~
                                     Thread n°9
~~~~~~~~~~~~~~~~~~~~~~~~~~~~~~~~~~~~~~~~~~~~~~~~~~~~~~~~~~~~~~~~~~~~~~~~~~~~~~~~~~~~~~
Branching on x[3] = 0.50
Fixing x[3] = 0

**************************************************************************************
                                     Node 14
**************************************************************************************
Problem size 56
Fixed variables: (x[1],1) (x[3],0) (x[34],1)
Thread = 9
======================================================================================
Iter    Time    gap  alpha    tol  nbit  Enorm  Inorm  ynorm  minCut  NCut  NSub  NAdd
======================================================================================
   1     0.0  15880.8  1e+01  8e-02     8  4e-03  0e+00  5e+02   9e-01     0  -0    +0  
   2     0.0  7905.6  5e+00  7e-02     8  4e-03  0e+00  5e+02   7e-01     0  -0    +0  
   3     0.0  3922.3  2e+00  7e-02     7  2e-03  0e+00  4e+02   5e-01     0  -0    +0  
   4     0.0  1938.3  1e+00  6e-02     4  5e-02  0e+00  4e+02   2e-01     0  -0    +0  
   5     0.0  955.3  6e-01  6e-02     8  2e-02  0e+00  4e+02   4e-02     0  -0    +0  
   6     0.0  470.8  3e-01  6e-02     6  4e-02  0e+00  4e+02  -1e-01    10  -0    +10 
   7     0.0  233.2  2e-01  5e-02     5  1e-02  2e-02  4e+02  -3e-01   137  -0    +127
   8     0.0  232.8  2e-01  5e-02     6  1e-02  4e-02  4e+02  -6e-02   110  -29   +2  
   9     0.1  115.9  8e-02  5e-02     8  2e-02  4e-02  4e+02  -3e-01   354  -3    +247
  10     0.1  115.6  8e-02  5e-02     8  2e-02  5e-02  4e+02  -8e-02   266  -93   +5  
  11     0.1   57.9  4e-02  5e-02    11  2e-02  4e-02  4e+02  -2e-01   405  -13   +152
  12     0.1   57.7  4e-02  5e-02     9  1e-02  5e-02  4e+02  -8e-02   379  -32   +6  
  13     0.1   29.1  2e-02  5e-02    17  9e-03  4e-02  4e+02  -1e-01   439  -23   +83 
  14     0.1   29.1  2e-02  5e-02     9  2e-02  5e-02  4e+02  -8e-02   434  -9    +4  
  15     0.1   14.9  1e-02  5e-02    18  1e-02  4e-02  4e+02  -1e-01   448  -18   +32 
  16     0.1    7.9  5e-03  5e-02    24  1e-02  5e-02  4e+02  -1e-01   510  -25   +87 
  17     0.1    7.9  5e-03  5e-02    20  2e-02  5e-02  4e+02  -8e-02   500  -19   +9  
  18     0.1    4.4  2e-03  5e-02    37  2e-02  5e-02  4e+02  -1e-01   511  -17   +28 
  19     0.2    2.7  1e-03  5e-02    66  2e-02  3e-02  4e+02  -1e-01   510  -29   +28 
  20     0.2    1.9  6e-04  5e-02    82  2e-02  5e-02  4e+02  -1e-01   532  -22   +44 
  21     0.2    1.5  3e-04  5e-02   113  1e-02  5e-02  4e+02  -8e-02   529  -14   +11 
  22     0.3    1.3  2e-04  5e-02    78  2e-02  4e-02  4e+02  -8e-02   527  -8    +6  
  23     0.3    1.2  8e-05  5e-02    61  1e-02  4e-02  4e+02  -8e-02   536  -4    +13 
  24     0.5    1.1  4e-05  5e-02   361  3e-02  5e-02  4e+02  -9e-02   539  -9    +12 
  25     0.5    1.1  2e-05  5e-02   109  2e-02  5e-02  4e+02  -1e-01   548  -8    +17 
  26     0.6    1.1  1e-05  5e-02   304  2e-02  5e-02  4e+02  -7e-02   553  -4    +9  
  27     0.6    1.1  1e-05  5e-02     5  9e-03  3e-02  4e+02  -4e-02   552  -1    +0  
======================================================================================
Stop bounding procedure! Bound = 528.07, Iter = 27, alpha = 1e-05, tol = 5e-02, cuts = 552, time = 0.6
======================================================================================
Depth = 3, Bound = 528, Best = 527

Fixing x[3] = 1

**************************************************************************************
                                     Node 21
**************************************************************************************
Problem size 56
Fixed variables: (x[1],1) (x[3],1) (x[34],1)
Thread = 9
======================================================================================
Iter    Time    gap  alpha    tol  nbit  Enorm  Inorm  ynorm  minCut  NCut  NSub  NAdd
======================================================================================
   1     0.0  15880.0  1e+01  8e-02     8  9e-03  0e+00  5e+02   8e-01     0  -0    +0  
   2     0.0  7904.8  5e+00  7e-02     7  7e-03  0e+00  5e+02   7e-01     0  -0    +0  
   3     0.0  3921.6  2e+00  7e-02     6  6e-02  0e+00  4e+02   4e-01     0  -0    +0  
   4     0.0  1937.4  1e+00  6e-02     6  8e-03  0e+00  4e+02   2e-01     0  -0    +0  
   5     0.0  954.3  6e-01  6e-02     6  5e-02  0e+00  4e+02   9e-02     0  -0    +0  
   6     0.0  469.5  3e-01  6e-02     5  3e-02  0e+00  4e+02  -1e-01     3  -0    +3  
   7     0.0  231.9  2e-01  5e-02     5  4e-02  3e-03  4e+02  -3e-01   138  -0    +135
   8     0.0  231.4  2e-01  5e-02     8  2e-02  3e-02  4e+02  -6e-02   103  -37   +2  
   9     0.1  114.6  8e-02  5e-02     9  2e-02  4e-02  4e+02  -3e-01   357  -2    +256
  10     0.1  114.2  8e-02  5e-02     8  1e-02  5e-02  4e+02  -7e-02   267  -97   +7  
  11     0.1   56.4  4e-02  5e-02    11  1e-02  4e-02  4e+02  -2e-01   357  -11   +101
  12     0.1   56.3  4e-02  5e-02     9  1e-02  3e-02  4e+02  -8e-02   349  -12   +4  
  13     0.1   27.8  2e-02  5e-02    14  2e-02  5e-02  4e+02  -1e-01   412  -16   +79 
  14     0.1   27.8  2e-02  5e-02    12  8e-03  3e-02  4e+02  -9e-02   399  -22   +9  
  15     0.1   13.9  1e-02  5e-02    18  2e-02  4e-02  4e+02  -1e-01   503  -14   +118
  16     0.1   13.8  1e-02  5e-02    16  2e-02  3e-02  4e+02  -1e-01   473  -34   +4  
  17     0.1    7.0  5e-03  5e-02    30  2e-02  4e-02  4e+02  -2e-01   499  -27   +53 
  18     0.1    7.0  5e-03  5e-02     9  2e-02  5e-02  4e+02  -1e-01   508  -8    +17 
  19     0.1    3.8  2e-03  5e-02    56  1e-02  5e-02  4e+02  -2e-01   556  -44   +92 
  20     0.2    3.8  2e-03  5e-02    36  1e-02  4e-02  4e+02  -1e-01   530  -38   +12 
  21     0.2    2.3  1e-03  5e-02    81  1e-02  5e-02  4e+02  -9e-02   544  -24   +38 
  22     0.2    1.6  6e-04  5e-02    92  2e-02  4e-02  4e+02  -1e-01   556  -31   +43 
  23     0.3    1.2  3e-04  5e-02   149  2e-02  5e-02  4e+02  -8e-02   579  -20   +43 
  24     0.3    1.1  2e-04  5e-02    60  4e-02  5e-02  4e+02  -1e-01   609  -10   +40 
  25     0.3    1.0  8e-05  5e-02    12  1e-01  3e-01  4e+02     nan   609  -0    +0  
======================================================================================
Prune! Bound = 528.00, Iter = 25, alpha = 8e-05, tol = 5e-02, cuts = 609, time = 0.3
======================================================================================
Depth = 3, Bound = 527, Best = 527

~~~~~~~~~~~~~~~~~~~~~~~~~~~~~~~~~~~~~~~~~~~~~~~~~~~~~~~~~~~~~~~~~~~~~~~~~~~~~~~~~~~~~~
                                     Thread n°10
~~~~~~~~~~~~~~~~~~~~~~~~~~~~~~~~~~~~~~~~~~~~~~~~~~~~~~~~~~~~~~~~~~~~~~~~~~~~~~~~~~~~~~
Branching on x[42] = 0.52
Fixing x[42] = 0

**************************************************************************************
                                     Node 6
**************************************************************************************
Problem size 56
Fixed variables: (x[1],0) (x[33],0) (x[42],0)
Thread = 10
======================================================================================
Iter    Time    gap  alpha    tol  nbit  Enorm  Inorm  ynorm  minCut  NCut  NSub  NAdd
======================================================================================
   1     0.0  15881.3  1e+01  8e-02     8  6e-02  0e+00  5e+02   8e-01     0  -0    +0  
   2     0.0  7906.4  5e+00  7e-02     7  6e-02  0e+00  5e+02   7e-01     0  -0    +0  
   3     0.0  3923.5  2e+00  7e-02     6  6e-02  0e+00  4e+02   5e-01     0  -0    +0  
   4     0.0  1938.7  1e+00  6e-02     6  3e-02  0e+00  4e+02   3e-01     0  -0    +0  
   5     0.0  955.6  6e-01  6e-02     7  2e-02  0e+00  4e+02   3e-02     0  -0    +0  
   6     0.0  471.0  3e-01  6e-02     4  5e-02  0e+00  4e+02  -7e-02     1  -0    +1  
   7     0.0  233.5  2e-01  5e-02     7  2e-02  0e+00  4e+02  -3e-01   168  -0    +167
   8     0.0  233.1  2e-01  5e-02     4  5e-02  4e-02  4e+02  -5e-02   114  -54   +0  
   9     0.0  116.0  8e-02  5e-02    10  1e-02  4e-02  4e+02  -2e-01   262  -7    +155
  10     0.1  115.7  8e-02  5e-02     8  1e-02  3e-02  4e+02  -7e-02   228  -41   +7  
  11     0.1   57.8  4e-02  5e-02    10  1e-02  4e-02  4e+02  -2e-01   369  -8    +149
  12     0.1   57.7  4e-02  5e-02     8  1e-02  4e-02  4e+02  -7e-02   339  -35   +5  
  13     0.1   29.0  2e-02  5e-02    14  2e-02  5e-02  4e+02  -1e-01   380  -27   +68 
  14     0.1   29.0  2e-02  5e-02     9  1e-02  4e-02  4e+02  -1e-01   374  -11   +5  
  15     0.1   14.9  1e-02  5e-02    15  2e-02  4e-02  4e+02  -2e-01   424  -16   +66 
  16     0.1   14.8  1e-02  5e-02    14  2e-02  4e-02  4e+02  -1e-01   438  -17   +31 
  17     0.1    7.9  5e-03  5e-02    30  1e-02  5e-02  4e+02  -1e-01   490  -17   +69 
  18     0.1    7.8  5e-03  5e-02     3  3e-02  5e-02  4e+02  -5e-02   488  -2    +0  
  19     0.1    4.4  2e-03  5e-02    43  2e-02  5e-02  4e+02  -1e-01   524  -31   +67 
  20     0.1    4.4  2e-03  5e-02     3  4e-02  4e-02  4e+02  -4e-02   523  -1    +0  
  21     0.1    2.7  1e-03  5e-02    40  5e-02  5e-02  4e+02  -9e-02   510  -19   +6  
  22     0.2    1.9  6e-04  5e-02    64  2e-02  4e-02  4e+02  -8e-02   510  -14   +14 
  23     0.2    1.5  3e-04  5e-02   106  2e-02  4e-02  4e+02  -9e-02   517  -12   +19 
  24     0.2    1.3  2e-04  5e-02    50  2e-02  5e-02  4e+02  -8e-02   529  -12   +24 
  25     0.3    1.2  8e-05  5e-02   185  4e-02  4e-02  4e+02  -9e-02   534  -16   +21 
  26     0.4    1.1  4e-05  5e-02   258  4e-02  4e-02  4e+02  -1e-01   548  -12   +26 
  27     0.6    1.1  2e-05  5e-02   303  2e-02  5e-02  4e+02  -8e-02   548  -14   +14 
  28     0.6    1.1  1e-05  5e-02    55  2e-02  5e-02  4e+02  -7e-02   557  -4    +13 
  29     0.6    1.1  1e-05  5e-02     4  2e-02  5e-02  4e+02  -7e-02   559  -0    +2  
  30     0.8    1.1  1e-05  5e-02   540  3e-02  5e-02  4e+02  -8e-02   558  -11   +10 
  31     0.8    1.1  1e-05  5e-02     5  2e-02  4e-02  4e+02  -6e-02   561  -1    +4  
  32     0.8    1.1  1e-05  5e-02     4  1e-02  5e-02  4e+02  -6e-02   564  -0    +3  
  33     0.8    1.1  1e-05  5e-02     4  1e-02  3e-02  4e+02  -4e-02   564  -0    +0  
======================================================================================
Stop bounding procedure! Bound = 528.08, Iter = 33, alpha = 1e-05, tol = 5e-02, cuts = 564, time = 0.8
======================================================================================
Depth = 3, Bound = 528, Best = 527

Fixing x[42] = 1

**************************************************************************************
                                     Node 12
**************************************************************************************
Problem size 56
Fixed variables: (x[1],0) (x[33],0) (x[42],1)
Thread = 10
======================================================================================
Iter    Time    gap  alpha    tol  nbit  Enorm  Inorm  ynorm  minCut  NCut  NSub  NAdd
======================================================================================
   1     0.0  15881.0  1e+01  8e-02     8  1e-02  0e+00  5e+02   8e-01     0  -0    +0  
   2     0.0  7905.8  5e+00  7e-02     7  6e-03  0e+00  5e+02   7e-01     0  -0    +0  
   3     0.0  3922.3  2e+00  7e-02     6  7e-02  0e+00  4e+02   5e-01     0  -0    +0  
   4     0.0  1937.8  1e+00  6e-02     6  3e-02  0e+00  4e+02   3e-01     0  -0    +0  
   5     0.0  954.6  6e-01  6e-02     7  3e-02  0e+00  4e+02   5e-02     0  -0    +0  
   6     0.0  470.3  3e-01  6e-02     4  3e-02  0e+00  4e+02  -1e-01     8  -0    +8  
   7     0.0  233.1  2e-01  5e-02     5  2e-02  0e+00  4e+02  -3e-01   161  -0    +153
   8     0.0  232.6  2e-01  5e-02     7  2e-02  4e-02  4e+02  -7e-02   127  -35   +1  
   9     0.1  115.7  8e-02  5e-02    10  2e-02  3e-02  4e+02  -3e-01   319  -8    +200
  10     0.1  115.4  8e-02  5e-02     8  2e-02  4e-02  4e+02  -7e-02   258  -62   +1  
  11     0.1   57.6  4e-02  5e-02    12  1e-02  3e-02  4e+02  -2e-01   405  -15   +162
  12     0.1   57.5  4e-02  5e-02     8  2e-02  4e-02  4e+02  -1e-01   384  -24   +3  
  13     0.1   28.9  2e-02  5e-02    17  1e-02  4e-02  4e+02  -1e-01   412  -34   +62 
  14     0.1   28.8  2e-02  5e-02     8  2e-02  5e-02  4e+02  -7e-02   405  -12   +5  
  15     0.1   14.7  1e-02  5e-02    24  2e-02  4e-02  4e+02  -1e-01   447  -27   +69 
  16     0.1   14.7  1e-02  5e-02    16  1e-02  4e-02  4e+02  -8e-02   445  -16   +14 
  17     0.1    7.8  5e-03  5e-02    28  3e-02  5e-02  4e+02  -2e-01   532  -18   +105
  18     0.1    7.8  5e-03  5e-02    21  3e-02  5e-02  4e+02  -9e-02   520  -30   +18 
  19     0.1    4.4  2e-03  5e-02    40  1e-02  5e-02  4e+02  -1e-01   534  -15   +29 
  20     0.2    2.8  1e-03  5e-02    76  2e-02  4e-02  4e+02  -1e-01   538  -30   +34 
  21     0.2    2.0  6e-04  5e-02    89  2e-02  5e-02  4e+02  -1e-01   536  -25   +23 
  22     0.2    1.6  3e-04  5e-02    62  2e-02  5e-02  4e+02  -1e-01   575  -12   +51 
  23     0.2    1.6  3e-04  5e-02     6  3e-02  5e-02  4e+02  -1e-01   583  -2    +10 
  24     0.4    1.4  2e-04  5e-02   219  2e-02  5e-02  4e+02  -9e-02   579  -19   +15 
  25     0.4    1.3  8e-05  5e-02    49  3e-02  5e-02  4e+02  -7e-02   574  -8    +3  
  26     0.5    1.2  4e-05  5e-02   310  2e-02  5e-02  4e+02  -9e-02   584  -7    +17 
  27     0.6    1.2  2e-05  5e-02   104  3e-02  5e-02  4e+02  -8e-02   589  -10   +15 
  28     0.6    1.2  1e-05  5e-02    58  3e-02  4e-02  4e+02  -9e-02   593  -6    +10 
  29     0.6    1.2  1e-05  5e-02     6  4e-02  5e-02  4e+02  -6e-02   595  -2    +4  
  30     0.6    1.2  1e-05  5e-02    10  4e-02  5e-02  4e+02  -6e-02   592  -5    +2  
  31     0.6    1.2  1e-05  5e-02     7  2e-02  4e-02  4e+02  -7e-02   595  -0    +3  
  32     0.6    1.2  1e-05  5e-02     4  2e-02  4e-02  4e+02  -5e-02   595  -0    +0  
======================================================================================
Stop bounding procedure! Bound = 528.19, Iter = 32, alpha = 1e-05, tol = 5e-02, cuts = 595, time = 0.6
======================================================================================
Depth = 3, Bound = 528, Best = 527

~~~~~~~~~~~~~~~~~~~~~~~~~~~~~~~~~~~~~~~~~~~~~~~~~~~~~~~~~~~~~~~~~~~~~~~~~~~~~~~~~~~~~~
                                     Thread n°11
~~~~~~~~~~~~~~~~~~~~~~~~~~~~~~~~~~~~~~~~~~~~~~~~~~~~~~~~~~~~~~~~~~~~~~~~~~~~~~~~~~~~~~
~~~~~~~~~~~~~~~~~~~~~~~~~~~~~~~~~~~~~~~~~~~~~~~~~~~~~~~~~~~~~~~~~~~~~~~~~~~~~~~~~~~~~~
                                     Thread n°12
~~~~~~~~~~~~~~~~~~~~~~~~~~~~~~~~~~~~~~~~~~~~~~~~~~~~~~~~~~~~~~~~~~~~~~~~~~~~~~~~~~~~~~
~~~~~~~~~~~~~~~~~~~~~~~~~~~~~~~~~~~~~~~~~~~~~~~~~~~~~~~~~~~~~~~~~~~~~~~~~~~~~~~~~~~~~~
                                     Thread n°13
~~~~~~~~~~~~~~~~~~~~~~~~~~~~~~~~~~~~~~~~~~~~~~~~~~~~~~~~~~~~~~~~~~~~~~~~~~~~~~~~~~~~~~
~~~~~~~~~~~~~~~~~~~~~~~~~~~~~~~~~~~~~~~~~~~~~~~~~~~~~~~~~~~~~~~~~~~~~~~~~~~~~~~~~~~~~~
                                     Thread n°14
~~~~~~~~~~~~~~~~~~~~~~~~~~~~~~~~~~~~~~~~~~~~~~~~~~~~~~~~~~~~~~~~~~~~~~~~~~~~~~~~~~~~~~
Branching on x[1] = 0.50
Fixing x[1] = 0

**************************************************************************************
                                     Node 2
**************************************************************************************
Problem size 58
Fixed variables: (x[1],0)
Thread = 14
======================================================================================
Iter    Time    gap  alpha    tol  nbit  Enorm  Inorm  ynorm  minCut  NCut  NSub  NAdd
======================================================================================
   1     0.0  17033.2  1e+01  8e-02     8  4e-03  0e+00  7e+02   9e-01     0  -0    +0  
   2     0.0  8483.1  5e+00  7e-02     9  1e-03  0e+00  6e+02   8e-01     0  -0    +0  
   3     0.0  4212.2  2e+00  7e-02     8  6e-02  0e+00  6e+02   7e-01     0  -0    +0  
   4     0.0  2084.4  1e+00  6e-02     8  2e-02  0e+00  6e+02   4e-01     0  -0    +0  
   5     0.0  1029.8  6e-01  6e-02     8  4e-02  0e+00  6e+02   2e-01     0  -0    +0  
   6     0.0  509.7  3e-01  6e-02     8  2e-02  0e+00  6e+02  -7e-02     2  -0    +2  
   7     0.1  254.6  2e-01  5e-02     7  9e-03  0e+00  6e+02  -3e-01   131  -0    +129
   8     0.1  254.2  2e-01  5e-02     4  4e-02  3e-02  6e+02  -3e-02   101  -30   +0  
Heuristic 2: 	Beta updated => 526
   9     0.1  127.5  8e-02  5e-02     7  2e-02  4e-02  6e+02  -2e-01   255  -3    +157
  10     0.1  127.2  8e-02  5e-02     7  3e-02  4e-02  6e+02  -8e-02   223  -41   +9  
  11     0.1   65.1  4e-02  5e-02     8  2e-02  5e-02  6e+02  -2e-01   375  -3    +155
  12     0.1   64.9  4e-02  5e-02     8  2e-02  4e-02  6e+02  -8e-02   345  -37   +7  
Heuristic 2: 	Beta updated => 527
  13     0.1   33.2  2e-02  5e-02    13  2e-02  5e-02  6e+02  -2e-01   464  -21   +140
  14     0.1   33.1  2e-02  5e-02     9  2e-02  5e-02  6e+02  -1e-01   445  -32   +13 
  15     0.1   18.0  1e-02  5e-02    15  3e-02  4e-02  6e+02  -1e-01   453  -33   +41 
  16     0.1   10.5  5e-03  5e-02    29  2e-02  4e-02  6e+02  -1e-01   523  -22   +92 
  17     0.1   10.4  5e-03  5e-02    18  3e-02  5e-02  6e+02  -9e-02   505  -32   +14 
  18     0.1    6.7  2e-03  5e-02    30  2e-02  5e-02  6e+02  -8e-02   510  -16   +21 
  19     0.2    4.8  1e-03  5e-02    49  2e-02  5e-02  6e+02  -1e-01   518  -13   +21 
  20     0.2    3.9  6e-04  5e-02    72  2e-02  5e-02  6e+02  -9e-02   528  -13   +23 
  21     0.2    3.4  3e-04  5e-02    71  2e-02  4e-02  6e+02  -8e-02   532  -11   +15 
  22     0.2    3.2  2e-04  5e-02    31  2e-02  5e-02  6e+02  -9e-02   544  -9    +21 
  23     0.3    3.1  8e-05  5e-02   195  2e-02  4e-02  6e+02     nan   544  -0    +0  
======================================================================================
Giving up! Bound = 530.06, Iter = 23, alpha = 8e-05, tol = 5e-02, cuts = 544, time = 0.3
======================================================================================
Depth = 1, Bound = 530, Best = 527

Fixing x[1] = 1

**************************************************************************************
                                     Node 3
**************************************************************************************
Problem size 58
Fixed variables: (x[1],1)
Thread = 14
======================================================================================
Iter    Time    gap  alpha    tol  nbit  Enorm  Inorm  ynorm  minCut  NCut  NSub  NAdd
======================================================================================
   1     0.0  17030.9  1e+01  8e-02     8  3e-03  0e+00  7e+02   9e-01     0  -0    +0  
   2     0.0  8480.7  5e+00  7e-02     9  8e-04  0e+00  6e+02   9e-01     0  -0    +0  
   3     0.0  4209.8  2e+00  7e-02     8  6e-02  0e+00  6e+02   7e-01     0  -0    +0  
   4     0.0  2082.0  1e+00  6e-02     8  5e-02  0e+00  6e+02   4e-01     0  -0    +0  
   5     0.0  1027.5  6e-01  6e-02     8  5e-02  0e+00  6e+02   2e-01     0  -0    +0  
   6     0.0  507.3  3e-01  6e-02     8  2e-02  0e+00  6e+02  -8e-02     1  -0    +1  
   7     0.1  252.2  2e-01  5e-02     7  2e-02  0e+00  6e+02  -3e-01   136  -0    +135
   8     0.1  251.8  2e-01  5e-02     4  5e-02  3e-02  6e+02  -5e-02   115  -21   +0  
   9     0.1  126.3  8e-02  5e-02     9  1e-02  4e-02  6e+02  -3e-01   346  -1    +232
  10     0.1  126.0  8e-02  5e-02     8  2e-02  4e-02  6e+02  -6e-02   267  -81   +2  
  11     0.1   63.9  4e-02  5e-02    10  2e-02  5e-02  6e+02  -2e-01   453  -13   +199
  12     0.1   63.7  4e-02  5e-02     9  2e-02  4e-02  6e+02  -7e-02   394  -65   +6  
  13     0.1   33.0  2e-02  5e-02    16  2e-02  5e-02  6e+02  -1e-01   458  -24   +88 
  14     0.1   32.9  2e-02  5e-02     9  1e-02  4e-02  6e+02  -7e-02   445  -21   +8  
  15     0.1   17.7  1e-02  5e-02    20  2e-02  4e-02  6e+02  -1e-01   494  -27   +76 
  16     0.1   17.7  1e-02  5e-02    12  1e-02  5e-02  6e+02  -8e-02   487  -14   +7  
  17     0.1   10.2  5e-03  5e-02    17  2e-02  5e-02  6e+02  -1e-01   524  -10   +47 
  18     0.1    6.5  2e-03  5e-02    49  2e-02  5e-02  6e+02  -1e-01   527  -34   +37 
  19     0.2    4.6  1e-03  5e-02    60  2e-02  5e-02  6e+02  -1e-01   530  -32   +35 
  20     0.2    3.7  6e-04  5e-02    90  2e-02  4e-02  6e+02  -1e-01   533  -18   +21 
  21     0.2    3.3  3e-04  5e-02   104  2e-02  5e-02  6e+02  -1e-01   551  -19   +37 
  22     0.3    3.0  2e-04  5e-02    58  3e-02  5e-02  6e+02  -8e-02   555  -9    +13 
  23     0.4    2.9  8e-05  5e-02   214  3e-02  4e-02  6e+02     nan   555  -0    +0  
======================================================================================
Giving up! Bound = 529.92, Iter = 23, alpha = 8e-05, tol = 5e-02, cuts = 555, time = 0.4
======================================================================================
Depth = 1, Bound = 529, Best = 527

Branching on x[27] = 0.54
Fixing x[27] = 0

**************************************************************************************
                                     Node 10
**************************************************************************************
Problem size 56
Fixed variables: (x[1],1) (x[27],0) (x[34],0)
Thread = 14
======================================================================================
Iter    Time    gap  alpha    tol  nbit  Enorm  Inorm  ynorm  minCut  NCut  NSub  NAdd
======================================================================================
   1     0.0  15881.1  1e+01  8e-02     8  2e-02  0e+00  5e+02   8e-01     0  -0    +0  
   2     0.0  7906.0  5e+00  7e-02     7  4e-03  0e+00  5e+02   7e-01     0  -0    +0  
   3     0.0  3922.5  2e+00  7e-02     6  6e-02  0e+00  4e+02   5e-01     0  -0    +0  
   4     0.0  1938.1  1e+00  6e-02     6  2e-02  0e+00  4e+02   3e-01     0  -0    +0  
   5     0.0  954.8  6e-01  6e-02     7  2e-02  0e+00  4e+02   1e-01     0  -0    +0  
   6     0.0  470.1  3e-01  6e-02     4  2e-02  0e+00  4e+02  -7e-02     1  -0    +1  
   7     0.0  232.7  2e-01  5e-02     6  3e-02  0e+00  4e+02  -3e-01   184  -0    +183
   8     0.0  232.2  2e-01  5e-02     6  1e-02  5e-02  4e+02  -7e-02   138  -50   +4  
   9     0.1  115.4  8e-02  5e-02    10  1e-02  4e-02  4e+02  -2e-01   308  -6    +176
  10     0.1  115.1  8e-02  5e-02     8  1e-02  3e-02  4e+02  -6e-02   266  -43   +1  
  11     0.1   57.2  4e-02  5e-02    11  1e-02  2e-02  4e+02  -2e-01   335  -10   +79 
  12     0.1   57.1  4e-02  5e-02     8  9e-03  3e-02  4e+02  -8e-02   332  -12   +9  
  13     0.1   28.6  2e-02  5e-02    12  1e-02  4e-02  4e+02  -1e-01   411  -13   +92 
  14     0.1   28.5  2e-02  5e-02     8  2e-02  5e-02  4e+02  -1e-01   425  -6    +20 
  15     0.1   14.4  1e-02  5e-02    19  3e-02  5e-02  4e+02  -1e-01   462  -31   +68 
  16     0.1   14.4  1e-02  5e-02     8  2e-02  5e-02  4e+02  -7e-02   460  -7    +5  
  17     0.1    7.5  5e-03  5e-02    32  2e-02  5e-02  4e+02  -2e-01   484  -25   +49 
  18     0.1    4.2  2e-03  5e-02    53  2e-02  5e-02  4e+02  -1e-01   501  -32   +49 
  19     0.2    2.6  1e-03  5e-02    68  2e-02  5e-02  4e+02  -1e-01   563  -32   +94 
  20     0.2    2.6  1e-03  5e-02    20  3e-02  5e-02  4e+02  -9e-02   545  -26   +8  
  21     0.2    1.8  6e-04  5e-02    91  2e-02  3e-02  4e+02  -1e-01   551  -20   +26 
  22     0.3    1.4  3e-04  5e-02   122  3e-02  5e-02  4e+02  -1e-01   561  -17   +27 
  23     0.3    1.3  2e-04  5e-02   173  2e-02  5e-02  4e+02  -1e-01   568  -30   +37 
  24     0.5    1.2  8e-05  5e-02   268  2e-02  5e-02  4e+02  -1e-01   587  -21   +40 
  25     0.6    1.1  4e-05  5e-02   323  2e-02  4e-02  4e+02  -8e-02   577  -25   +15 
  26     0.7    1.1  2e-05  5e-02   129  2e-02  5e-02  4e+02  -8e-02   595  -9    +27 
  27     0.7    1.1  1e-05  5e-02   105  4e-02  5e-02  4e+02  -1e-01   598  -10   +13 
  28     0.7    1.1  1e-05  5e-02     6  2e-02  4e-02  4e+02  -6e-02   604  -1    +7  
  29     0.7    1.1  1e-05  5e-02     5  1e-02  4e-02  4e+02  -5e-02   603  -1    +0  
======================================================================================
Stop bounding procedure! Bound = 528.07, Iter = 29, alpha = 1e-05, tol = 5e-02, cuts = 603, time = 0.7
======================================================================================
Depth = 3, Bound = 528, Best = 527

Fixing x[27] = 1

**************************************************************************************
                                     Node 16
**************************************************************************************
Problem size 56
Fixed variables: (x[1],1) (x[27],1) (x[34],0)
Thread = 14
======================================================================================
Iter    Time    gap  alpha    tol  nbit  Enorm  Inorm  ynorm  minCut  NCut  NSub  NAdd
======================================================================================
   1     0.0  15881.6  1e+01  8e-02     8  3e-03  0e+00  5e+02   9e-01     0  -0    +0  
   2     0.0  7906.2  5e+00  7e-02     8  4e-03  0e+00  5e+02   8e-01     0  -0    +0  
   3     0.0  3922.6  2e+00  7e-02     6  6e-02  0e+00  4e+02   6e-01     0  -0    +0  
   4     0.0  1938.1  1e+00  6e-02     7  6e-02  0e+00  4e+02   3e-01     0  -0    +0  
   5     0.0  954.8  6e-01  6e-02     5  2e-02  0e+00  4e+02   1e-01     0  -0    +0  
   6     0.0  470.0  3e-01  6e-02     6  2e-02  0e+00  4e+02  -9e-02     3  -0    +3  
   7     0.0  232.6  2e-01  5e-02     4  4e-02  1e-02  4e+02  -3e-01   240  -0    +237
   8     0.0  232.1  2e-01  5e-02     7  2e-02  5e-02  4e+02  -6e-02   141  -100  +1  
   9     0.1  115.2  8e-02  5e-02    10  3e-02  5e-02  4e+02  -3e-01   319  -3    +181
  10     0.1  114.9  8e-02  5e-02     8  2e-02  3e-02  4e+02  -6e-02   276  -46   +3  
  11     0.1   57.1  4e-02  5e-02    10  1e-02  4e-02  4e+02  -1e-01   357  -15   +96 
  12     0.1   57.0  4e-02  5e-02     8  2e-02  4e-02  4e+02  -9e-02   354  -9    +6  
  13     0.1   28.4  2e-02  5e-02    13  1e-02  5e-02  4e+02  -2e-01   408  -13   +67 
  14     0.1   28.3  2e-02  5e-02     9  1e-02  4e-02  4e+02  -8e-02   406  -10   +8  
  15     0.1   14.3  1e-02  5e-02    16  2e-02  5e-02  4e+02  -1e-01   428  -25   +47 
  16     0.1    7.4  5e-03  5e-02    34  2e-02  3e-02  4e+02  -2e-01   471  -25   +68 
  17     0.1    7.4  5e-03  5e-02    17  2e-02  5e-02  4e+02  -1e-01   475  -24   +28 
  18     0.1    4.1  2e-03  5e-02    44  2e-02  4e-02  4e+02  -1e-01   497  -28   +50 
  19     0.1    4.0  2e-03  5e-02    26  2e-02  5e-02  4e+02  -1e-01   507  -14   +24 
  20     0.2    2.5  1e-03  5e-02    64  2e-02  4e-02  4e+02  -2e-01   536  -23   +52 
  21     0.2    2.5  1e-03  5e-02    31  2e-02  5e-02  4e+02  -7e-02   521  -21   +6  
  22     0.2    1.8  6e-04  5e-02    88  1e-02  5e-02  4e+02  -1e-01   527  -26   +32 
  23     0.3    1.4  3e-04  5e-02    92  2e-02  5e-02  4e+02  -1e-01   544  -16   +33 
  24     0.4    1.2  2e-04  5e-02   216  2e-02  5e-02  4e+02  -1e-01   546  -22   +24 
  25     0.5    1.1  8e-05  5e-02   242  2e-02  4e-02  4e+02  -8e-02   544  -15   +13 
  26     0.5    1.1  4e-05  5e-02   146  2e-02  5e-02  4e+02  -8e-02   558  -7    +21 
  27     0.7    1.1  2e-05  5e-02   324  2e-02  5e-02  4e+02  -8e-02   573  -7    +22 
  28     0.7    1.1  1e-05  5e-02   220  3e-02  4e-02  4e+02  -7e-02   574  -9    +10 
  29     0.7    1.1  1e-05  5e-02     5  2e-02  4e-02  4e+02  -5e-02   575  -1    +2  
  30     0.8    1.1  1e-05  5e-02     6  2e-02  5e-02  4e+02  -6e-02   579  -0    +4  
  31     0.8    1.1  1e-05  5e-02     5  1e-02  3e-02  4e+02  -5e-02   579  -0    +0  
======================================================================================
Stop bounding procedure! Bound = 528.05, Iter = 31, alpha = 1e-05, tol = 5e-02, cuts = 579, time = 0.8
======================================================================================
Depth = 3, Bound = 528, Best = 527

~~~~~~~~~~~~~~~~~~~~~~~~~~~~~~~~~~~~~~~~~~~~~~~~~~~~~~~~~~~~~~~~~~~~~~~~~~~~~~~~~~~~~~
                                     Thread n°15
~~~~~~~~~~~~~~~~~~~~~~~~~~~~~~~~~~~~~~~~~~~~~~~~~~~~~~~~~~~~~~~~~~~~~~~~~~~~~~~~~~~~~~
Nodes = 25
Root node bound = 530.84460
Maximum value = 527
Solution = { 3 5 8 9 14 17 21 22 25 26 27 28 30 32 34 35 36 37 38 40 41 42 43 45 46 49 52 54 55 59 }
Maximum memory usage : 67.840 MB
CPU time = 3.5866 s
