Parameter file: biq_crunch.param
Output file: examples/g05_60.4.bc.output_17 
Input file:  examples/g05_60.4.bc
Number of threads : 16
Reading, building and allocation time = 0.0136 s 
Node 0 Feasible solution 513
N = 60 	 M = 31
 -2.0896985778349328e-01
 -1.8680150559922734e-01
  2.6670376474388430e-01
 -5.4610384166154095e-02
  7.9528940756432660e-04
  1.9526457013036215e-02
  3.0754951428122353e-02
  1.3206645639209066e-01
 -1.3080524539908758e-01
  2.2453261288002731e-02
  5.1576561838016892e-02
 -1.8582476864445037e-02
  2.4147912869281171e-01
 -6.8748954628752553e-03
 -1.0185082326395739e-01
  1.2038369579174985e-01
 -4.2940861183350831e-02
  1.2821420939272907e-01
 -1.8564934762779914e-01
  1.3126812254743508e-01
 -7.4803501401158906e-02
 -2.3115700229376424e-02
 -3.0909306532022996e-02
 -5.2548604454710199e-02
 -1.9379572402398540e-01
 -1.3861517782137853e-01
 -1.2306909580014008e-01
 -1.1797681179991727e-01
 -9.2870843154770014e-03
 -8.9367937109457368e-02
 -1.8188043680301985e-01
 -1.3071754016465889e-01
  2.8186015032969310e-02
 -2.3428074376208849e-01
  2.1277503127852657e-01
  2.7271505881013403e-01
  1.0122875230634669e-01
  1.7889875180697169e-02
  5.3589031868219429e-02
 -1.7598429765982290e-02
 -1.9753598932344834e-02
 -6.5273556600905683e-02
  6.3785936011599181e-02
  5.1511956176154292e-03
 -4.6897131524081773e-02
 -1.3351794238594555e-01
  1.3114631240971578e-01
 -5.1767596306352415e-02
 -2.8046774401447663e-02
  2.5677620556326397e-01
  5.2230800669158264e-02
  1.7935992341437662e-01
 -4.2179891581607606e-02
  2.1887757357909307e-02
  2.3667000030680529e-01
 -1.4545233372936872e-01
  5.8227667415765703e-02
 -8.5311459833889117e-02
  2.6713944535631906e-01
  2.9870913572073443e-05
  9.7729989508407125e-02
 -4.3217482761267606e-02
 -1.4180840830191119e-02
 -2.2629664597052995e-01
  1.0022089338055370e-02
  6.5259476315843598e-02
  1.1628314716692770e-01
  7.5305885755741278e-03
  1.3806230018334315e-01
  2.3233625396242580e-01
 -1.0492329942451582e-01
 -8.1116690050558146e-02
  3.1673135815685413e-02
 -9.6477111609742358e-02
  5.1997161029447153e-02
  1.5915630842732681e-01
  1.5786231763425435e-02
 -1.8268225893161474e-01
 -1.0660667833895569e-01
  2.2769569423744959e-01
  8.6387667438377586e-02
  1.6731878505244427e-01
 -5.8152472249621862e-02
  2.2411845613447323e-01
  1.5489050252464054e-02
 -1.0677677873973038e-01
 -1.6614433190555673e-02
 -7.8007502154374977e-02
  1.3396198039839247e-01
 -2.6439580021141307e-01
  5.8734148844888423e-02
  4.4880706785724638e-02
  1.1118276933394619e-01
  1.1525379476486668e-01
 -4.3120480883294225e-02
 -1.6782351835789834e-02
  5.3085643429432387e-02
  1.5368748682659963e-03
 -1.5900552450396993e-01
  1.9325472561602698e-02
 -7.6626553651344157e-03
 -4.9223826053387792e-02
 -2.2150194078067134e-02
  9.8307668922725217e-02
 -1.4063894475550981e-01
  2.1648153517378341e-01
 -5.9626613337606292e-02
 -1.8601053883235011e-01
 -1.9492158543106672e-01
  1.0996431770698199e-01
 -4.2284606930004853e-01
 -1.1773004045044130e-01
  1.0614215338687994e-02
  8.0431847036246153e-03
 -1.2927951884460426e-01
 -2.0277837859527079e-01
  7.1947413804056837e-02
  4.7573828857380658e-02
  1.0556574759793999e-01
  4.1057427334366924e-04
 -2.5569839503020636e-01
  2.3621494707872515e-01
  2.6780724716812469e-02
 -1.2844249090535506e-01
 -1.1111661012357391e-01
  4.7609202215074316e-02
 -8.4863635778733917e-02
 -2.8522868848550476e-01
 -4.3567051890156035e-02
 -2.2995623998104377e-02
  1.5419665622549331e-02
 -1.7052877400573135e-02
  3.1813310043384840e-01
  1.4972775540022435e-02
 -1.3805860708884690e-01
  3.9764398371754030e-04
  3.1074011803916129e-01
 -2.9803369592388097e-02
  1.5601504360067131e-01
  2.0842586403563115e-01
  1.3954767692107264e-01
  9.8829765600125616e-02
 -4.3628066423783966e-02
 -6.3065125804213792e-02
 -8.5264161582664227e-02
  1.9208290451347540e-01
 -8.0748663328188419e-02
  1.7255077369644228e-01
 -9.9582497184418250e-02
 -9.0425707585668091e-02
  9.4941801285873262e-03
 -3.8330756387182877e-02
 -1.1256475406469375e-01
  1.2430868754549834e-01
  1.7059601002464980e-02
  2.0325520782924175e-01
 -1.8228067728246228e-01
  9.5522906024464685e-02
 -1.3279029752926623e-03
 -1.8325780153497572e-02
  1.7050810470785650e-02
 -4.0950049531915916e-02
 -2.1878944743597653e-01
 -9.5759000870099600e-02
 -7.9831681664745593e-02
 -4.0249393990623911e-02
 -5.1146575556939994e-02
  2.5009138723482727e-01
  1.2041559120959500e-01
 -1.0868631099582349e-01
 -1.1160736231172913e-01
 -8.1190526735773566e-02
 -1.0919786198519996e-01
  1.1221809768432975e-01
 -6.3147643732257910e-03
 -1.3636116957227576e-01
 -1.2570795676963179e-02
  3.2552176344083750e-02
 -1.4705925167982201e-02
 -2.4885286975940418e-04
  4.5148209833249632e-03
 -2.3978466161551134e-02
 -1.6523486067386806e-01
  4.4760690449905928e-04
 -3.7756718328408129e-02
 -2.1470636769197723e-01
 -4.8228785680111984e-02
  7.4269547893489593e-02
 -2.6498505758744947e-02
 -1.5455942749684398e-02
  1.0509709008292564e-01
  1.3421858388725247e-01
  1.1801149444607141e-01
  1.2023053518132641e-01
  1.0219877179067439e-01
  5.0771035611364694e-02
  1.8923261757223916e-01
  8.5995698991207029e-02
 -1.3424924808426947e-01
 -1.7038463218759772e-01
  8.4342194790911776e-02
 -7.7326577505988592e-02
  2.6425315793095139e-01
 -1.2908546953608803e-02
  1.0322543587120182e-03
 -1.6428726357321727e-01
 -1.0350768818765592e-01
 -3.0329147426505502e-02
 -3.1056281279362058e-01
  1.5499650860460928e-02
  1.9671299728504488e-01
  1.2857619449390406e-01
 -7.8359433606958490e-02
 -1.6432193762849143e-02
 -3.7990108904802491e-02
  1.8565190624809219e-01
 -1.0234156703801885e-01
  4.6486223574012338e-02
 -1.9359756650732229e-01
 -1.2597926257640624e-01
  1.2239962983715760e-01
  4.2261049300329305e-03
  1.0548525060344408e-01
  2.4083776648920743e-01
 -5.6662647743240514e-02
  1.2834296245544066e-01
 -3.0153862705206563e-01
  4.9793037662599578e-02
 -4.5970750963051220e-02
  1.8851250908466052e-01
 -5.6295643145668622e-02
 -4.0897414719190006e-02
  1.2407041065611119e-01
 -3.6653702877766481e-02
  1.1998845192225979e-01
 -4.6446853420928261e-02
  1.0913203169133556e-01
 -2.4431972039144306e-01
 -1.6891436487174347e-01
  2.6250833995924289e-04
 -1.5558186619440872e-02
 -2.0303760113887409e-01
  1.2401725866028557e-02
 -1.3032032144091365e-02
 -2.4290282960262730e-02
  2.1693675374657645e-01
  4.7504003121978618e-02
  1.6487286257642810e-02
 -7.7145894746880710e-03
  9.5964471404586804e-02
  1.2811390926625887e-01
 -2.6897111215812963e-02
  6.4269092687043713e-02
  1.0691867323033413e-02
 -1.2110756755010069e-01
  7.6653166941463763e-02
 -9.7857088401370362e-02
  5.7193416834472315e-02
  8.2352072835642867e-04
  3.8431334106920977e-02
  8.8976531137054143e-02
 -1.7605234896261615e-01
  4.0602560466033430e-02
  1.7990995993360284e-01
  3.0478049910421034e-02
  1.6595401420014356e-02
  9.7307047064785976e-02
  2.0986626909077125e-01
 -6.6633454639931519e-02
  5.7441418752730124e-03
 -1.4237477209372323e-01
  1.1142554954921378e-01
  3.5194145417869727e-03
  2.4907123220454649e-01
 -6.5176750316645340e-02
 -8.9227524645327960e-02
 -1.1643478718812425e-01
 -1.2273792993630742e-01
  6.3956088231282335e-02
 -2.1953769791378117e-02
  2.3031591338568413e-02
 -3.2114908611994281e-01
  6.3187503154369884e-02
  6.1204414939315673e-02
  2.4133018342445409e-01
 -4.2641348343658132e-02
  6.7986307084972233e-02
  7.8888726114416344e-02
 -2.0483702490953037e-01
 -2.6597847195436836e-01
  1.7740758298348874e-01
 -1.0482478176829549e-01
  1.7803170467175949e-01
 -1.2167952324077053e-01
  1.0320877867934952e-01
 -3.4791523650716299e-01
  6.5736743410883203e-02
 -2.2389303909540814e-01
 -1.1591562291376933e-02
  1.4173124493727617e-04
  1.2294472136557351e-01
  8.3274115282809424e-02
 -4.6607915684861403e-02
  9.2066445203684316e-02
 -4.1890290675837230e-02
  5.0134690912061006e-02
  2.8673738692907835e-01
 -3.7069377038921929e-02
 -2.0657448726089368e-02
  9.9250302160736343e-03
 -5.3739074699660487e-02
  1.8063083559226614e-01
 -2.5302299029872986e-02
 -4.7969076335005419e-02
 -3.4361321807767597e-01
 -1.7231421685904177e-01
  4.0117794362910075e-02
  1.5416074185224857e-01
 -2.0958714108891946e-01
 -9.6321134840059858e-02
  3.2012774657246074e-01
 -5.4399478601578292e-03
 -2.7751187274901303e-02
 -4.4780405337523116e-02
  1.4874811617538023e-03
 -6.8890015867136851e-03
  8.4683559627329569e-02
 -1.6235644054415951e-01
  5.7445446697601377e-02
 -6.4002963265220855e-02
  4.5734657169830120e-02
 -4.3265157448436044e-02
  1.2137639875995537e-01
  1.0451431333269150e-01
  2.6467230729982243e-03
  6.2704938618110420e-03
 -3.7705910216427919e-02
  1.8911569194716840e-01
 -4.4102586515628914e-02
 -1.5058978873568532e-04
 -2.6461705776181005e-01
  1.5478898551591628e-02
 -5.7269894772935086e-02
  1.6039590973380802e-02
  1.1429077225291102e-01
  2.2959933803506960e-01
 -1.2468851214382393e-01
  1.4043341394041894e-01
 -1.1403069959971142e-01
  4.0924333017386641e-02
  1.9631089215802314e-01
  1.4326079490039079e-01
 -3.0376038721361776e-01
 -2.2183263668648735e-02
 -1.0598616624319396e-01
  7.4798939761575277e-03
 -1.4370519640863045e-02
 -1.1230116604110235e-01
  1.8330757539347553e-01
  4.7951354033791069e-05
 -4.6449750096956059e-02
 -5.3596525660327479e-02
 -2.2330477932973838e-01
 -2.6963085384517366e-01
 -1.2997395222352751e-02
  4.4032438366545752e-02
  1.1341296246096785e-01
  1.0524347353451170e-01
 -1.1225311424085820e-01
  1.3777115621227205e-02
 -6.5442247082924856e-02
  1.2642248096318173e-01
 -1.2726054994606378e-01
 -2.4887768538699645e-02
  2.3505744197692877e-03
 -2.3346499606949501e-02
 -4.2763810069231772e-02
 -4.5890618797290825e-02
  1.7050519284385268e-01
 -8.2637445075853244e-02
 -8.6334558147532700e-02
 -7.0704869117010766e-02
 -2.0051891350343937e-01
  3.4931370326037756e-02
 -1.2984338767639259e-01
 -1.5259756742781566e-01
  7.8492377420259940e-02
 -4.2782758303564337e-02
  1.6528213857625629e-01
  2.6536740758295235e-01
 -1.8710899596701740e-02
 -2.0586983357732486e-01
 -9.5925796039359537e-02
  2.6182901667215547e-01
  8.2676835119184389e-02
  1.5425535653688494e-01
  2.2690673916383164e-01
  1.5469280195587540e-01
  7.3397393824674298e-03
 -7.8874292638485222e-02
  2.5775076670445951e-01
  2.3915803143870904e-02
 -1.4501200792616475e-01
 -2.2660442895294280e-01
  1.4942060001437174e-01
  7.3296014393792125e-03
 -1.2697470754428879e-02
  2.2063796299782432e-01
 -4.8548074852975936e-02
  2.3810551423378970e-01
 -7.8505055479596936e-02
 -8.4788952625372005e-02
  5.3163003556056923e-02
  1.6768081630380849e-03
 -1.9639953026814025e-02
 -1.9609143239474672e-02
  4.4939254009249432e-02
 -1.6679877627548323e-01
 -8.4157403147833112e-02
  2.5169317432856969e-04
  5.2807103603334876e-02
  9.1261902498990077e-02
  1.6564669179577129e-01
  3.1511952798225877e-02
 -4.5478743036115397e-02
 -4.4558480951281988e-03
  8.4876768348745857e-02
  1.9495463117112527e-01
  3.1313218578388216e-02
 -1.5024705597000901e-01
 -1.5617538672485007e-01
 -5.2672267201556329e-02
 -1.4126232694675351e-02
 -1.4891043404810622e-01
 -6.2046152373307253e-02
  1.8102725148948595e-01
 -1.0506952554001782e-01
 -9.6237134375625564e-03
 -1.2383089691515571e-01
  3.9718623255529044e-02
  7.3976367388363419e-03
  1.4568715967221019e-01
  1.8351668150389042e-01
 -7.5188431680543580e-02
  2.4385105586916539e-01
  4.2693155356882249e-02
 -1.8220774540676454e-02
  1.1863615789119146e-01
  1.5617437685025792e-01
 -2.1223407818152346e-01
  3.4918656382240204e-02
  9.9493957961287985e-04
 -2.0353012095117440e-01
  1.0642327234480520e-01
 -1.5588416146010436e-01
  2.4792772615035552e-01
  1.7739807676413152e-01
 -2.9062198307948051e-01
 -2.9334557528097674e-02
  4.3531565894292072e-02
  6.0040879258126255e-02
  2.4895568207304108e-01
 -1.2730428139523886e-01
  2.7825462434418441e-02
  1.7566604716032524e-02
 -1.0940820723161809e-01
  3.5779420225040322e-03
  1.6277557852534263e-01
  1.0030601735223821e-02
  2.9465106011592399e-02
  1.1067467297859247e-01
 -2.0103516980267280e-01
 -1.5053137756962831e-01
 -2.6366874191796952e-01
  9.1496748985061827e-02
  2.3888461299094096e-02
 -6.9866612362929709e-02
 -1.4746690069880991e-01
 -9.2165133074142744e-02
 -8.6148979860818653e-05
 -1.4098364945609751e-01
 -2.0523943328941791e-01
  4.3269342269216853e-02
 -9.4389848318511591e-02
  5.8509975826548821e-02
  5.9560496003500288e-02
 -2.5019161830087150e-01
 -6.3660700383582722e-02
  1.1139290422813719e-01
  9.3183847110856408e-02
 -8.0343167049066813e-02
 -1.0412094888917615e-01
  2.3638186281418658e-02
 -3.9578019874493012e-02
  2.4967817641737527e-01
  1.4392194594488011e-01
 -1.6729770196746785e-01
  1.5397641160661932e-01
 -1.3927898793558532e-01
  6.7634183350308977e-02
  2.1238592974510326e-01
 -1.2189549945718338e-01
 -1.9594417807292769e-01
 -1.1159519635055527e-01
 -1.7420037052989609e-01
  1.5578273735706702e-01
  2.3863025085763453e-01
  1.8694265569802922e-02
 -1.0799687345892444e-02
 -1.4966613376553992e-01
  4.3051288319393179e-02
  8.4190956928610783e-02
  3.5168181579474177e-02
 -1.0312381289174168e-01
 -1.2230831853173905e-01
  2.5957530237627143e-02
  1.1021120257859176e-03
  5.6816059359931580e-02
  1.1071450084729503e-01
  5.7146771179733040e-02
  1.2879343619905928e-01
  2.5247928508300921e-01
 -1.1253673670612503e-01
 -3.8228555723437974e-02
  2.3125954989601846e-02
  2.3799176962546525e-01
 -7.4923522091788680e-02
  1.1578127588241019e-01
 -2.3069428612822261e-02
  5.7672798116815971e-04
  1.1243831453189415e-01
  2.9415426304757059e-01
  1.6334013198435540e-02
 -4.9323284467481798e-02
 -1.2388509289222624e-01
 -8.6085590153753208e-03
  4.6564370524415852e-02
 -7.3373785238075737e-02
 -2.4062047899688124e-01
 -6.8335075084679023e-05
 -8.7981925736064837e-02
  2.4795668773682755e-01
 -1.8021896262039205e-01
  1.4743915499170643e-01
 -1.5398009258930909e-01
 -8.4649901198349586e-02
 -1.6893196254479428e-01
  1.1577296857110864e-01
  2.9023941951758947e-01
  6.4054931524530637e-02
 -6.6934258309237091e-02
  1.0501886752834542e-01
 -2.1099874765033309e-02
 -9.2473258865245142e-02
 -1.9050702385420143e-01
  7.4635243863617765e-02
  1.3594988155180876e-02
  1.0982856850363379e-01
  1.0120614561045921e-01
 -2.2133250445627431e-02
  1.2168864888781553e-01
  5.9434944206744014e-02
 -1.5431466726620077e-01
  1.0527234069170116e-01
 -2.0486703513325519e-01
  3.1094636884293836e-01
  5.3990597946814095e-03
 -2.4816092666478051e-01
 -2.5531995498418284e-02
  1.1168198353612335e-01
 -1.6476967364785988e-02
  2.0234716048947704e-01
 -7.4669624252614013e-03
 -5.3349067261278499e-02
  9.8287875744625785e-03
 -2.7273030053231381e-02
  3.3225255387432062e-01
 -1.4366437062016438e-01
  5.5867632405364326e-02
 -1.0542400699029181e-01
  2.1215171068193525e-02
 -6.2728460437188854e-02
  2.0033364120166103e-01
  8.5842601172736566e-02
 -4.7531729984387996e-02
 -1.4273099451367155e-01
  9.1281901963931891e-02
 -2.7198608242686911e-02
 -7.8781592856971394e-04
 -1.8156711432547459e-02
 -1.4636644825978523e-01
  3.8804626931663283e-02
 -5.8697134232010256e-02
 -2.9211856925131216e-02
  4.0881256346195188e-02
 -1.1283873870640400e-01
 -5.6492103267006530e-02
 -1.9797971338544035e-01
 -3.5428015518776564e-02
 -3.1135463206875130e-04
 -8.1910303931556475e-02
 -1.7000248401983717e-01
 -1.5468419694621710e-01
  2.5720396576143612e-01
 -7.4451467558618284e-02
 -6.4825588429645864e-02
 -1.4388111835880363e-01
  1.6062143078182400e-01
 -1.2929803007373269e-01
  4.9476072195284562e-02
 -5.3192569292422623e-02
 -9.0201857299660234e-03
 -1.0313363423288190e-01
  9.6746325513598616e-02
 -7.2458935804556049e-02
 -2.6689007619915231e-02
  3.0840160262174069e-02
  6.0238239136917192e-02
  2.4599390974638308e-01
  2.2161447952975000e-01
 -1.5006388972653284e-01
 -1.3183405348143107e-02
  3.5370346269305977e-02
  2.0383764110458183e-01
  3.0182966403669388e-02
  3.5060613895026335e-02
 -1.1266773259829249e-01
  3.0049108975913369e-01
 -1.3124707089256019e-01
 -1.7604176254609433e-01
 -6.9750966830463904e-02
 -6.8288849132902788e-03
  4.9557153150127223e-02
  1.1452943559353299e-01
  1.8898527695808243e-02
  3.9191914551218385e-02
  1.7534152178238205e-01
  5.5565006285108048e-03
 -1.4969112594875017e-01
 -2.4021543513721386e-01
 -8.6132231542274479e-02
  4.3942770743252521e-02
 -4.2504537647559987e-02
 -1.5618422550929645e-01
 -2.0400562917923045e-03
  1.5750663211504151e-01
 -1.2424797294481921e-01
 -1.5744763947953080e-01
  1.7671970614148153e-01
  6.4512815420099276e-02
  1.0288395925215119e-01
  1.8009992048444445e-01
 -1.3089500990710146e-01
 -1.8758522436793457e-01
 -2.1373057570037501e-01
 -1.2763643532553354e-02
  1.1822475295437571e-01
 -1.0399968541022458e-02
  1.1164215515971064e-01
  1.1990779623041042e-04
  6.8111463401694397e-02
 -4.4513244697592165e-02
  5.0866393051797014e-02
 -5.2301755904985231e-02
  2.3452751923225298e-01
  4.6748443525216496e-02
 -2.7481589259130923e-01
  4.2972135003025914e-02
 -1.3882389287016583e-01
  4.1472433264666875e-02
  7.5158030042303967e-02
  8.9790716277729471e-02
 -6.9493462713785065e-02
  8.3034624944756816e-02
  1.1388598507260253e-01
 -2.0599461943450784e-01
  7.5793548011702003e-02
 -1.8262743107034254e-02
  4.5522409080814875e-02
 -9.1215408214680327e-02
  1.2678519587967405e-01
  2.0855608800437098e-01
  2.3285405517447963e-01
 -2.1139727511488485e-01
 -8.4407967870833031e-02
 -5.6896729875116382e-02
 -2.4373996294564101e-01
 -6.1319457253117389e-02
  4.9937136963440494e-02
 -7.8039894715376174e-02
 -2.2767093993699322e-01
  7.4422371836034770e-02
  7.4819706720019113e-02
  1.6416402373282302e-01
  2.5931611841801414e-02
 -1.0892571444190476e-01
  1.3719477748144565e-01
  4.3606620721193277e-02
  2.9897937204930403e-01
  8.1522775873721420e-02
  1.1257396748454185e-01
 -4.7962316093893773e-02
  3.3988407666545012e-02
  1.0995983762740247e-01
 -2.0469242489793640e-01
  8.3560055205583197e-02
  1.5018679323107165e-01
  7.3234414172174744e-02
  6.5151286049899924e-03
  6.2864040017136136e-02
  7.8842687148975729e-02
 -1.3985954658446587e-01
 -1.5542556009749514e-01
 -4.7435026798102908e-02
 -2.5312605316939979e-01
 -1.8503884077016655e-01
 -1.9533489507656793e-02
 -1.2385978335678044e-01
 -1.2271861441483478e-02
 -3.3481048655339095e-04
  3.2130220368786278e-01
 -1.5324953887049186e-02
 -6.5646028573587867e-02
 -1.4210537605977017e-01
 -6.2218636188816158e-02
  2.2885813704817937e-01
  6.1234647577993510e-02
 -2.7314642255901237e-03
 -1.5533116374892111e-01
  5.2110387279611238e-02
  3.2695921279068473e-02
 -2.1556365703474059e-01
 -7.5399632134701786e-02
 -2.4413063342642143e-02
 -1.3804526767382546e-02
 -3.5937477652368825e-03
  8.6841606826907891e-02
  9.6834928488535754e-02
  6.0651974916850475e-02
  9.4213068742467238e-02
  6.9514309432120044e-02
 -2.1105677477993065e-01
 -7.7971464806221358e-02
 -1.4028570847923819e-02
 -1.2849872127509110e-01
  6.8919364940486704e-03
 -5.8607984466323391e-02
  4.3910950800906602e-02
 -8.0007791881173310e-02
 -1.4728405284891530e-01
  2.0139919836315101e-01
 -1.7584096005550220e-02
 -2.4862453591469030e-01
  6.0731911026757325e-02
 -1.0466871977034793e-01
 -1.4574741486088750e-02
 -7.6043121383774295e-02
 -1.1120482584083136e-01
  1.3044852793173792e-01
 -2.3901804519967076e-01
  2.3274845332283967e-01
  3.5430265961768903e-02
  2.4472902404395111e-01
  1.0111247977071226e-01
  8.3849915955440599e-03
  2.1302187510596544e-02
  1.5136950089502896e-01
 -1.4347686221742820e-01
  9.1865226617705950e-02
  7.1794214242639626e-02
  3.7327479554279452e-02
  1.4716293046357007e-02
 -3.1076191657453500e-01
  2.4665155500304403e-01
  9.1400383458097575e-02
  1.2457942237050013e-01
 -1.2552358690678672e-01
 -4.0958110367175150e-02
  5.1873358556698598e-02
  3.1234552253919107e-04
 -1.5858779376079435e-02
 -7.7529692713327464e-02
  1.0507378356479228e-02
 -3.3996305565101491e-02
  9.9760252879989811e-02
 -4.6858387338332436e-03
  1.8501660319921220e-01
 -1.2047753781600916e-01
  1.0565483695862692e-01
  2.2256084095511125e-01
 -7.3816030779128489e-02
  4.0841240485763641e-01
 -1.5392231723774641e-01
  1.5137249354691049e-01
  8.3252054775360365e-02
 -1.7980958574275955e-02
 -1.2664759692245531e-01
  1.4370835583094094e-01
  2.4078534840207430e-01
  1.3256490164426521e-01
 -6.0633728220776735e-02
 -2.8801461875643286e-01
  6.5730916814845664e-02
 -1.1468654899409154e-01
  1.7761499750202786e-01
  9.3056326455923849e-02
  3.2671737898854220e-02
 -3.5371885627962611e-02
 -1.3571038975008540e-01
 -2.3245162236516131e-01
 -8.4235809578352513e-02
  2.9783518796950965e-02
 -3.0549087343229392e-01
 -6.2106258771647035e-02
  1.1279212467960330e-01
 -6.3113162930987260e-02
  4.3242609557802472e-02
 -4.5228608770321498e-02
  4.1510869120244841e-02
  1.5142408966433707e-01
 -7.2876750937892809e-02
  5.6462427936427258e-02
 -5.7789803436068023e-02
  6.0179531680356106e-02
 -1.0340672200032941e-01
 -1.4935668710364661e-01
 -1.3843361486883954e-01
  9.3178820589124606e-02
 -6.9771921969810427e-02
  7.2637291043456786e-02
 -1.1833602361395022e-01
  1.8684780317633043e-02
  2.2997225851093143e-02
  8.7592276433504895e-02
 -1.7306881124608844e-02
 -7.9200024957315859e-02
 -1.9020171098536959e-01
 -9.7660210638776095e-03
  1.1548702414744032e-01
 -2.2147984611594436e-04
  2.1325029345277130e-01
 -1.4755520829479993e-01
  5.3764714823097852e-02
  3.7518252490631843e-02
 -1.2937453618127759e-01
 -1.1652704024400398e-01
  6.6809288601249461e-02
 -1.7542955206919858e-01
 -1.3994485912697233e-02
  9.5305137669700873e-03
 -1.5716098633203229e-01
  6.4825640521509617e-02
  1.0147183528326744e-02
 -3.1687967430201697e-01
  1.7885038771719991e-01
  1.5490389752107150e-01
  1.0134061557963459e-01
  1.2465148099590738e-01
  3.5853611737849678e-02
 -1.5080188453719648e-01
 -1.5451746936309199e-01
  6.8361580389074944e-02
 -1.1769342687411415e-02
 -8.8924153253165231e-02
 -1.2926888498960445e-01
  2.6478782062446279e-03
  2.0924179866377646e-01
 -8.1305087639499340e-02
 -1.0379852515682382e-02
 -2.7288487339777460e-02
 -1.5807820134630629e-01
  8.8667227588688155e-02
  6.4783794594201999e-02
  2.5524883213274030e-01
  2.2668293712117510e-01
  1.0856243823610882e-01
 -5.5343238389450643e-03
 -5.1022201180694837e-02
 -1.3511396750096613e-01
 -2.4109921954305710e-01
 -3.6286276511658742e-02
 -3.1534374059148149e-02
 -1.9759804231390832e-01
  3.1501298102307895e-01
 -9.6056650587123149e-02
 -6.3192415160353871e-02
  9.2393689539947421e-02
  5.4105590401600954e-03
  1.9866781257234500e-01
 -8.8902150986037223e-02
  1.5673613249053295e-01
  1.2796875365913592e-02
  1.0329296783781083e-01
  1.1943214510218997e-01
 -1.0325680730675746e-01
 -4.0568733356005471e-02
 -3.9933683053845507e-03
  6.3291678244750793e-02
  5.1858002590449086e-02
 -2.5163364569102259e-04
 -2.9920485217443664e-02
  8.7232597708441079e-02
 -1.0072348092945103e-01
 -4.3377091573747063e-02
  1.8715368458781176e-02
  2.7621065314675447e-01
 -1.6668655733287008e-01
  1.7472736620584237e-01
 -4.4565393037488870e-03
  4.2486298181890071e-02
  1.3026072664254654e-01
  1.1899493448106142e-01
 -6.6650574554043690e-02
  1.1850524662372572e-01
 -1.9426027478163493e-01
  2.6357158434871775e-01
  1.1566220472205607e-01
 -2.6653056098321509e-01
 -1.8999654200377511e-01
  1.0914605669001892e-01
 -1.1434476969730502e-01
  6.7592674540858169e-02
  6.0505631282370340e-02
 -5.7543203807556211e-02
  3.4117242916555261e-02
 -1.4115468825915012e-01
  1.2747552750998078e-01
 -1.9420319598766089e-01
 -1.6344959977356191e-01
 -5.7328144100456585e-02
 -1.0597576689921859e-01
 -1.1633725534079353e-03
 -7.2831990093840379e-02
  2.6621454885077014e-02
 -9.5438227306393411e-02
  8.7065936393383780e-02
 -2.4266870094934636e-02
 -2.4585988545777239e-02
 -1.0158451082145577e-01
 -1.1506671214904439e-01
 -6.0349802461733618e-02
  1.0293419964225267e-01
  1.1920559164428068e-01
 -3.2179118428707918e-03
  9.1440856653390357e-02
 -1.6451759956687995e-01
  4.3559127881031286e-02
  1.5035480499536349e-01
 -5.6859393349945518e-02
 -2.2818712921353592e-02
  1.3174425265973463e-01
  1.3919561098571501e-01
  1.5152241287416357e-01
  1.7868489722550934e-01
 -3.7606194556701872e-01
  4.6376995621430411e-02
 -1.3413902021471774e-01
  1.3449314771746398e-01
 -4.0767231371899706e-02
  5.0631312841452336e-04
  1.5341727558506779e-01
  4.2011425488173021e-02
 -2.2100191164234448e-01
 -1.6317881531452441e-01
 -2.3415610737818091e-01
 -2.5909629235105447e-01
  3.8375115940673700e-02
  5.2812575736648449e-03
  3.1286639939692329e-01
 -9.0924211886524511e-02
  1.6680231098855618e-02
 -2.8731212535342481e-02
 -2.1881323578153075e-01
  2.0228868641270584e-01
 -6.8000471619151806e-02
  3.8213242006159852e-02
 -7.1971286995176589e-02
  2.4315696536865050e-02
 -5.9045910080553023e-02
  1.5122497477956121e-01
  1.4322409052187973e-01
 -2.6358178466032483e-02
  1.7993291504294337e-01
 -1.0123561584948357e-01
 -1.8582532893408510e-01
 -2.1375759225565225e-01
 -1.3970282143433708e-02
  2.5978608766802130e-01
  6.1825677087584914e-02
  4.9717340449690797e-02
 -8.3438638454962050e-02
 -1.3606994944279649e-01
  1.8613351300471115e-01
 -5.0023570911569157e-02
 -8.6715495541974844e-02
  1.6036622975330700e-01
 -3.4678027967790202e-02
 -1.2304351917738440e-01
  1.7405790487017406e-01
  1.1570909665139903e-01
  1.3424015949446894e-01
 -1.3310037870903563e-01
 -1.4839772780907290e-01
  1.0381681226775261e-01
 -2.2238905485762593e-02
 -1.3462908296290035e-01
 -2.8578232176822350e-02
  4.7424976510413954e-04
  4.7169453459680592e-02
 -7.7443113571694921e-02
 -3.0557009951839888e-03
  2.0681989674178355e-01
 -1.5861159960099739e-02
  2.1552644007290560e-02
 -4.6801605696522974e-02
 -3.1530128256227891e-02
 -4.0002432438696639e-02
  1.0007172934018668e-01
  1.1438715817194516e-01
 -4.1757285561600660e-04
 -1.3045419587312254e-01
  1.7629566021743154e-01
  8.7476167368060812e-02
 -2.1817679970178536e-01
  1.0412146266999191e-01
 -9.6472688645543786e-02
  1.5090466254354851e-01
 -2.4433754685095479e-02
 -1.6854630055216174e-01
 -4.2917542735143838e-02
  9.6397127193011065e-03
  1.2426730587133600e-01
 -5.5516911094486983e-02
 -1.8778097566934482e-01
  5.4562898301838789e-02
  2.1543303751607895e-01
  4.1587344981522265e-02
  1.1702862802844247e-01
  3.0211483643628839e-01
 -8.6860664880682323e-02
  6.5058967541811882e-02
  7.6450655948605631e-02
  1.0492539468970935e-01
 -7.7286247450998088e-02
 -1.9960112983600394e-02
 -7.8723167269183741e-02
 -5.4764639827395468e-02
  1.8394295786174669e-01
 -1.4785036717565439e-01
  6.3110077137646076e-02
 -9.2569015986320335e-02
  2.8104287243763716e-02
  9.7392824702398864e-02
 -1.7263479277728822e-01
 -2.0794991548162986e-01
  1.2205159167169763e-02
  6.3562014933880792e-02
  1.8545088887434358e-01
 -1.1077844352439500e-01
 -9.8605756796754235e-02
 -5.4343126639025659e-03
  1.4639727665024993e-01
  2.7263169691333616e-02
  1.0707613197952261e-01
  2.1604189862430856e-01
  3.9247281613456884e-02
  2.5338848535523439e-01
 -1.8320722802844122e-01
 -2.9568003320667752e-01
 -1.6376512043002212e-01
 -8.8802995577153904e-02
  1.4045218339429591e-01
 -7.7119049021246611e-02
 -9.7339625020462450e-02
 -6.2692654777363882e-02
  9.0454728076174093e-03
 -1.2373086766645904e-01
 -1.7577949870337090e-02
  2.1845067944435892e-03
  8.5762795786275495e-05
 -2.4681610436035384e-01
  4.1833280084379754e-02
 -2.2197767956790251e-01
  8.9684543756881202e-02
  1.3659222364201049e-01
 -2.1187781933774308e-01
  5.5484312516794650e-02
  4.5041950066456553e-02
 -1.0242811723741829e-01
 -1.2502848739399261e-01
  4.1354564874957429e-02
 -5.3297383500563518e-02
 -1.9783893532452884e-01
 -2.0024761193275575e-01
 -4.5365754028978862e-02
 -7.5912120571427107e-03
 -1.7410526926764692e-02
  1.4318784303295351e-01
 -2.1654399484721851e-01
  1.3005387724394864e-02
  6.5856582543018488e-02
  1.8366177953138479e-01
 -1.4135923640515594e-01
 -9.1572710957932457e-02
  3.9446370119753361e-02
  4.7661898648307367e-02
  2.9656389855103341e-02
  2.2389436788919378e-01
 -2.6943522096805943e-02
 -2.8205316467122882e-01
 -1.1259897856049311e-01
 -1.7932025102555524e-01
 -1.3674252202444465e-01
  1.8814410125708900e-01
  2.0167971842904364e-01
 -9.8291742249073805e-02
 -4.3507931916019267e-02
  1.3286567673609325e-03
  1.1110927777874521e-01
 -2.6834992907750314e-03
 -2.1401577819655936e-03
 -9.9129847422600836e-02
  3.0226118149508097e-01
  1.2152601559510579e-01
  8.2277052861069983e-02
  7.6092522066205731e-02
  3.1519097284403150e-02
  1.2333831942930022e-01
 -4.6483508436131464e-02
  8.0548884371620277e-02
 -1.6108504902456558e-01
  4.4555495183468380e-02
  1.5868584162586055e-01
  5.4523865964984652e-02
  7.7029841684098627e-02
  6.5293902075977170e-02
 -3.8254981375153534e-02
  1.8737789340568950e-01
 -1.0079966781484775e-01
  1.0247818102511463e-04
  7.3129936032161724e-02
  1.4448904155732462e-01
 -1.0712398458409814e-01
  1.1129878952050731e-01
 -2.0966341584995146e-02
  1.2055384569497483e-02
  5.7591766815127177e-02
  2.8931576923733514e-02
 -2.5393499470893099e-01
 -9.9080479209148808e-02
  2.8359901557533590e-01
  9.4703608592231689e-02
 -2.0832152577279789e-01
 -2.2649483702819290e-01
  1.5548017871581490e-01
 -2.0105699105011424e-02
  5.3971236708398639e-04
 -3.2033725306822160e-03
 -2.5268466196108400e-02
  1.4244596776088422e-01
  1.4293076798501070e-01
 -1.6897819740136669e-02
 -1.2561598570234664e-01
  2.5617760524971678e-01
 -1.0792412130017306e-01
 -1.0184998720167887e-01
  9.6945865586180856e-03
 -1.1147775547380472e-01
 -9.7047753746727097e-02
 -1.1548378272629013e-01
 -1.5453838831571121e-01
  4.3337727023565614e-02
  1.2797127488873683e-01
  1.5379514160482105e-02
 -1.3310295758529700e-01
 -7.8522404588844921e-02
 -8.1633338844721806e-02
  3.1755764033292153e-02
 -9.4885726244236815e-02
  1.8630366615912039e-01
  1.3985147811201851e-01
  2.9875162088860130e-01
 -4.5513520101661792e-02
 -1.1104063221312649e-01
 -2.6507489836103731e-01
 -2.1319098487459465e-01
 -6.8679773877481864e-02
  9.4836147701629583e-02
  7.6866660430739656e-02
 -1.3220670174750013e-01
  4.2445253465234103e-02
  1.3069413927620926e-02
  5.9578489732549034e-02
  2.3553988805756353e-03
  1.8687792869554987e-01
 -8.1852859569342573e-02
  1.0899212390026027e-01
 -8.7888510494707237e-02
  1.4636097833738268e-01
  2.2597321975069374e-04
  2.0162190941673311e-01
  7.6108576071075157e-02
  1.1716742957846174e-02
  9.7896809274411550e-02
 -1.3374223628683221e-01
  7.8590994014027249e-03
 -7.5017744853846597e-03
  1.3785618467491237e-01
 -2.0472089987479342e-01
  2.2320397542909787e-01
 -2.5349511917834477e-01
  1.1937972469538298e-01
  1.0733470318835185e-01
 -8.4028074110235246e-02
 -8.2514269779774260e-02
 -7.1822514409823198e-03
 -1.0819349274009747e-01
 -1.4801961390268864e-01
 -6.4368451887796843e-02
  7.5636616108934018e-02
 -3.7945720618653297e-02
 -1.4702359561387784e-01
  4.0161506312692871e-02
 -5.6274133633329684e-02
 -1.1912785059265935e-01
 -6.8304600715294261e-02
  1.3503782624586280e-01
  1.8462483238623811e-01
 -1.2864911398242699e-03
  5.8005126109139861e-02
 -2.7919421773998715e-01
  2.3191223570557354e-01
  8.9646794982086081e-02
 -8.1515233124406186e-02
 -2.2264188012691409e-03
  1.9495955592708389e-01
 -6.7666826223060444e-02
  2.1800706035941914e-01
  8.3755897639315083e-02
  7.4356524349938932e-02
 -9.3236254844609057e-03
 -7.3056009609529626e-02
  2.3105293745985439e-01
 -1.0294601173408026e-01
 -1.3721977975324023e-01
  1.6781685362406223e-01
 -3.7041309763926875e-02
  8.8353170005448720e-02
  1.0999153741580631e-01
 -7.1835039935213951e-02
 -1.5083673475432374e-01
 -9.8771476910759895e-02
 -3.8688858007928026e-03
 -1.1391633226898852e-01
  1.2608382293461781e-01
  1.1111688334531802e-01
 -2.5196059138727317e-01
  8.2531859557107873e-02
 -1.7125591963686171e-01
  4.8060238020131846e-04
  1.1544455345038124e-01
 -8.1579508455673161e-02
 -3.0850743345908968e-02
  6.6238829377633937e-02
 -8.0845691772512648e-02
  1.0014340223860199e-01
 -4.5715870110306735e-02
  9.7893675975687947e-02
 -9.0890960759136427e-02
 -2.1716158297403379e-01
 -1.8386405697725611e-01
  8.5302931773593355e-02
  1.4121312892224566e-01
  1.2235280034294718e-01
  9.1282858701643474e-02
  2.2617428453419797e-02
  3.5600872638293399e-03
  7.1280795557802619e-04
 -3.5584291501309803e-02
 -1.1745122437789413e-02
 -4.9339688585880642e-02
  1.4921664161606349e-01
 -1.2953482611432079e-01
 -8.6680550352182112e-02
  5.8713520386112883e-02
  6.6684752140728359e-02
 -2.7728203170186261e-01
  2.8353056937224938e-02
  4.5954151517185855e-02
  1.2331839984172283e-01
 -3.5084970697609692e-02
  1.7435584761637127e-01
  3.4610761812538006e-02
  2.9301358126222227e-01
 -1.7994962432667863e-01
 -1.5710977190861339e-01
 -7.3745120092967395e-02
 -6.2710698410314250e-02
  7.5921683762067246e-02
 -9.1706935879871346e-02
 -7.2430888997098111e-02
  6.8877910741087151e-02
 -1.5728880949718596e-01
 -4.2344876306823674e-02
 -4.6964286969021149e-02
 -2.0868744646190557e-02
 -9.7794323154675469e-02
  2.3434693167971045e-03
 -2.2530375324859370e-01
  1.1476581869033201e-01
 -1.0783509760509064e-01
  3.8669059525426908e-01
  1.1627259049535663e-01
  1.0479472301682641e-01
  2.6175582844453138e-01
 -8.0444144982984189e-02
 -2.7423115110709051e-01
  5.5871570349292209e-02
  4.3989366314387116e-02
  7.6703486294349421e-05
  8.3038709696752297e-02
 -9.3779947670075664e-02
  9.9412760318735513e-02
 -4.2138782825242693e-02
  2.1186676926556786e-01
  6.0381536506490842e-02
 -2.7885013509843944e-03
  1.0129646928728034e-01
  5.7977852429001282e-02
 -6.5891405958400331e-02
  1.3826816707846795e-01
  2.1660330301544978e-01
 -1.8866170752903494e-01
 -1.0930116774057494e-01
 -3.2199138379033321e-01
 -6.2750119160349983e-03
 -8.6114119908496919e-02
  9.1088263937863054e-02
 -1.0973885943107921e-02
  1.7312476407862709e-01
 -5.3281194358894474e-02
  2.1464510420584298e-01
  8.7890460756171587e-02
 -1.4218522989294086e-01
 -1.2469924773288617e-01
  4.4830899671618317e-02
  2.4034662784494766e-02
 -6.0123537851592790e-04
  1.3239337974719392e-01
  1.7278956343965154e-01
  5.9609073512251580e-02
  1.3117930650154155e-01
 -1.6642421986176484e-01
 -9.2751458107273865e-02
  1.8693484255095338e-01
  1.9180049199666298e-02
 -3.3565855684848850e-01
 -6.0898268827783764e-02
  8.1878772240556147e-02
 -2.1786413034313257e-01
  8.6648781712277911e-02
  1.6479610539167219e-01
 -1.0880407045466120e-01
 -1.0436170933532900e-01
 -9.3084718427513553e-03
  1.3936052143826386e-01
 -1.1348716117918078e-01
 -2.0657188081928712e-01
  1.1186708679045247e-01
 -1.5547637736299463e-01
 -1.7370986998536289e-01
  1.5288116014226793e-02
  8.2540096789576592e-02
 -2.7213747825108735e-02
  3.1066294124838106e-02
 -9.1023038975241638e-02
  1.1272030827198794e-01
 -8.0322795732066687e-02
 -4.7359758154566958e-02
  4.1692660303103979e-04
 -2.2614009697795819e-02
 -7.4000249613922375e-02
  6.6795905857260099e-02
  1.1667361366024370e-01
 -1.3680880740316470e-01
 -5.6218706137606378e-02
  7.0372312914013996e-02
  6.5227142631769999e-02
  1.2385604366592464e-02
  1.2147553051280182e-03
 -3.0853192730968221e-01
 -1.4365826052255568e-01
 -1.5411622823765431e-01
  1.4863092859890717e-01
  2.9870743658888237e-02
  1.3934552537339440e-01
  6.0328347954424016e-02
  4.4725629826159581e-02
  1.9950115064946425e-01
 -1.2539621161832870e-01
  1.9942786541489960e-01
  2.9441108362383328e-01
  9.6995449358110220e-02
  1.7851999062397059e-01
  2.9196216695529815e-02
 -1.9283344844893385e-01
  1.6589257189309975e-01
 -9.5827273403915419e-02
 -2.2844848502055151e-01
 -8.1233649551076172e-03
 -2.5650920446001483e-02
 -7.0516250196104677e-02
 -1.3687664625544502e-01
 -8.6926330007351144e-02
  1.2307011536479079e-01
  3.8523399554295505e-02
 -1.0010234674353735e-01
 -6.1091400133596388e-02
  2.0623803423427561e-01
 -2.0132692224724406e-02
 -7.6154807735853869e-02
  2.5100747883970789e-02
  1.9018280436086110e-02
 -3.0743018528908322e-01
 -1.9532534449299668e-01
  1.1783828567945942e-01
  8.2468380848601933e-02
  2.4027126268218867e-02
 -2.0567010516327688e-01
 -7.5670025751772382e-02
  1.0335232129015083e-01
 -5.8149391014950313e-02
  1.6865198405553693e-02
  2.4560854353082373e-01
  7.0631153165174904e-02
 -5.2398477016594169e-02
  5.8255662057171365e-02
 -4.8937651174754043e-02
 -6.8155039212652202e-02
 -2.1884947064143481e-04
  2.6523617092256858e-02
 -3.0405273798371300e-02
 -1.4127162132889029e-01
  3.4204406743224752e-02
 -1.4786664059522783e-01
  1.0968451578950539e-01
 -3.6527880435421239e-02
 -1.2397864887818574e-01
  9.5347532640626620e-02
  2.0865265241896587e-02
 -6.6418518800896290e-02
 -2.7777396566691377e-02
  2.3471103499548184e-02
 -6.6926145528883069e-02
  1.0228638911942922e-01
 -2.0461007126705147e-01
 -8.4938313223896236e-02
  1.0388973017705423e-01
 -2.1200431625133831e-01
  1.6919177756416368e-01
  6.5838991051953330e-02
  9.1126367180052070e-02
  2.1398613340074843e-01
 -2.1664894023781703e-01
  2.8407464576446323e-01
  3.3068355788014654e-02
  1.4808312532723455e-01
  4.2065181202024217e-02
 -5.4431803506328938e-02
  1.3445423805362147e-01
 -1.6440005300325802e-01
 -3.0962283789019551e-02
 -1.3658911691331085e-01
  9.6187568212522764e-02
 -1.3833936038631639e-01
  2.7039282407466430e-02
  9.8900122878595995e-02
  2.8458844236067110e-01
 -1.6618719695874121e-01
  1.2518696313047648e-02
 -3.8987363808498814e-02
  3.1855885918802417e-02
  7.1958361582481881e-02
 -1.4458780850805764e-01
  1.0028390966806128e-02
 -1.7588255278230636e-01
  2.1773404666818907e-01
 -2.5495039037947731e-01
  8.6978922905452616e-02
  5.7276756126758852e-02
 -1.0427305063376935e-01
  7.9565185788632656e-02
 -3.2361146517669803e-02
  1.8292365580533665e-01
  5.8261031600152377e-02
 -1.1422957745816002e-01
  2.3326452993104030e-01
 -1.4967341045992374e-01
 -9.4416226886160193e-02
  5.0329266207946310e-05
  1.1483165156086503e-01
  1.0738879181767605e-01
 -2.1316420235347094e-01
 -5.1065440005075166e-02
  2.4691905571107686e-01
 -3.4360840484606012e-02
 -1.9414810812003638e-01
  1.0650158874506148e-01
  5.7431203645852379e-02
 -5.6999636901557328e-02
 -7.0924251275309408e-02
  1.9951478432236391e-02
  3.6825230455625982e-02
 -6.1030257399150578e-02
  4.6782754632542473e-02
 -1.3598591131435175e-01
 -2.9338437334193818e-01
 -5.2090938807028947e-02
 -7.1658478371461554e-02
 -1.2819477073780089e-01
 -1.2400971244295945e-01
 -9.7420629570709572e-02
  2.2990817409323044e-02
  8.3234293780827848e-02
  1.7400525698800207e-01
  1.2091946173876518e-01
 -7.1388534236737369e-02
 -5.3223241626928250e-02
 -1.6494633824875077e-01
 -1.7874163301008950e-01
  1.7791176379642173e-01
  4.8577649246734605e-02
  1.5452281058071798e-01
 -9.6347310147133214e-03
  1.4225971796132658e-01
  3.5203424001309525e-01
  2.2447415423829935e-02
  1.4568399760058995e-01
  9.7625554347314264e-02
 -1.7178808230383819e-01
  7.7903207570660715e-02
  2.4801560256378741e-03
 -1.1453338488378134e-01
 -7.0628067941264430e-02
  4.1775521958762392e-02
 -7.6012462535432063e-03
  9.3637028742985906e-02
  6.7481056010480656e-02
 -1.7333068770504717e-01
 -2.5949592452030829e-01
  2.7675982551347744e-03
 -2.2601688421993792e-02
 -9.6904564443086955e-02
  1.5125190722542731e-01
  1.1536644598530003e-01
 -1.4008015750493180e-01
  7.0622589195484281e-02
  1.7601089840096520e-01
  1.4951266102634639e-01
 -3.0663653282792620e-04
  7.7536316932270893e-02
  1.2314112486195283e-01
 -8.1729662264712066e-02
  4.4999303051902653e-02
 -1.1389982934391493e-01
 -8.9566241011801134e-02
 -1.6976490604712041e-01
 -1.3507102605835247e-01
 -1.5583811014429093e-02
  7.5222861612717892e-02
  1.6409026890913983e-01
 -7.9689539615635796e-03
  8.0944774146816084e-02
  2.4253552729096021e-02
 -1.0998775091571257e-01
 -1.6704331781064712e-02
  9.2270493583154076e-02
  1.5675219554533118e-01
  8.6262266900904508e-02
 -6.8831722089675085e-02
 -2.0917331770855596e-01
  3.2106909596979261e-02
 -1.6197355386650952e-01
 -1.3711355413028470e-01
  3.3258345185518276e-02
 -2.5342680600849427e-01
  6.1039084615095981e-02
  8.6723780751055066e-02
  2.3247727605788079e-01
 -1.9367625263650567e-01
  1.3196381821352393e-01
  1.8583313210087406e-03
  5.0307846829149662e-02
 -4.0851934753871411e-03
 -2.7056189478799408e-02
  1.0400982515324350e-01
  1.6001518570238144e-01
  5.8065850960412613e-03
  9.9689801524075153e-02
  1.6847588008602482e-01
 -1.4856973966971807e-01
  2.3685135701237464e-01
  9.4352104679797641e-02
 -7.5177399716061577e-02
  1.1868679194604369e-01
  1.3873293508678275e-01
 -9.0492437239559090e-02
 -2.2748760582063668e-01
  2.2479103550637801e-03
 -6.4861069892272569e-02
  1.3858192681914172e-01
 -1.2840245976101156e-01
  2.1062286006848790e-01
  2.0879614303429081e-01
  6.1973431480980862e-02
 -2.7367731092694086e-01
 -2.0042848154268189e-01
 -1.3449546834963194e-01
 -9.8780893614766746e-03
 -1.8825684622650329e-04
  1.3292627017929515e-01
  2.0667192218887717e-01
  7.2388217504488928e-02
  9.0202907080406073e-03
 -4.7599278389146904e-02
 -1.6986108819611093e-01
  8.3123261263780453e-03
  2.5925071432493085e-01
 -1.7309782890632627e-01
  2.3946593052774690e-01
 -1.7111189190612584e-02
 -9.1862799070300677e-02
  1.5723662321396581e-01
  1.6416512440696251e-01
  1.0988113785710922e-01
 -3.0427736518268100e-01
 -2.0216030561123862e-02
  1.8135786833934284e-01
 -3.7544925094477918e-02
  2.1336507506071112e-01
  1.3465115147406567e-01
  4.1586219759851210e-02
  9.0318903504474857e-02
 -3.3673870790996964e-02
 -1.4813049969999775e-01
  1.1898338166062461e-01
  2.2753577980325831e-02
 -1.9046271086588812e-01
  2.3712172408785596e-02
  5.7194655039944147e-03
 -1.0317146049727928e-01
 -2.3254895795794064e-01
 -1.5477408004453408e-01
 -2.7774797373409314e-02
  2.1562819867513112e-03
 -7.4787854644068702e-02
  7.5342709212170317e-02
 -1.2083670863754081e-01
 -2.1234124643662086e-01
 -1.1295667879739474e-01
  1.1423636099119533e-01
  3.8079333166309744e-02
 -1.6202020151073876e-01
  2.3320475479839016e-02
  1.6057819633289835e-01
  1.0491943728232928e-01
  1.3743168708681962e-02
 -2.3006305654031545e-02
 -1.1463578413608726e-01
 -1.5705024801867326e-01
  7.5460537404201042e-02
 -5.0531994832464081e-02
  2.4704900202446745e-01
 -1.8067984829603562e-02
  3.4874364791366991e-03
 -3.1585926339920391e-02
 -8.5165728409125022e-02
  1.8044198620730026e-01
 -2.0911972680409049e-02
  3.0205165612458978e-04
  1.3951215880760631e-01
 -4.6647793837969909e-02
 -1.9304772246183094e-01
  3.2588165408996506e-01
  4.0643466774374658e-02
 -5.6177941873058355e-03
  2.2289725009490710e-01
 -1.9599312052340578e-01
 -1.0922673840451487e-01
 -1.7449504907796229e-01
  3.7765567334484211e-02
  1.3505369638157430e-01
  1.6431036993779516e-01
  5.6045841580177329e-02
 -5.0580096441319777e-02
  5.1567217843559381e-02
  4.3075950908052919e-02
  1.2363113261706550e-01
  5.2588900926800559e-03
  1.9072048556454493e-01
 -1.3055916454699545e-01
 -3.2017303258670415e-02
 -1.0157904614744981e-01
 -1.0185593649361759e-01
  5.1703643276082574e-02
 -2.8199066163394730e-02
  9.4311079025678743e-02
 -9.3980509182560970e-02
 -6.2438631688483973e-02
  1.1997943570010414e-02
  3.9609097853347160e-02
 -1.9753151513150161e-02
  1.3836493001870975e-01
 -2.1997279087657995e-01
 -2.0284613122325018e-01
  1.6161487796914405e-02
  3.6883688251447165e-03
 -1.7588045050581605e-01
  1.5892037398796438e-01
 -9.6928173460898770e-02
  1.4344968467728836e-01
 -4.3678743218334801e-02
 -7.6420031452916301e-02
 -3.5825939864657284e-02
 -4.1390707457711652e-02
  9.7743626667301603e-02
  2.5978425678553735e-01
  9.7183522466551861e-02
 -1.0954998645340711e-01
  2.0369548900623854e-01
 -6.9509321032114157e-02
 -1.3293273004422099e-01
 -5.7099087937954041e-03
 -1.1566505864903154e-01
 -1.3276995520876989e-01
 -1.9991146444358826e-01
  1.3555160995678345e-01
  1.9323079578822025e-01
 -1.8207348576248242e-01
 -2.6289663062494667e-04
 -3.0724458300761717e-02
 -2.0621643840865059e-01
  1.1025281316533278e-01
  4.1644117365487981e-02
  1.2920813152253999e-01
 -2.1401620236841407e-01
  1.1779570986789430e-01
  8.9914355224850015e-02
  9.4244627906469092e-02
 -1.4264970382316819e-01
 -2.6153627264438574e-02
 -1.8213873383814391e-01
 -5.2697756978891543e-02
  1.2503506502434983e-01
 -9.2211154987690294e-02
 -8.5054507425465956e-02
  2.9134084524123938e-01
 -2.0186308196541952e-01
 -2.6745183788178438e-02
 -9.7709652972018807e-02
  5.0551057048814525e-02
 -5.7247877871437737e-02
 -1.9134825720719392e-01
 -1.7529724551543657e-01
  9.7885682199057938e-02
  3.2554238033512650e-02
  1.9590672344284607e-01
 -7.7286788453139119e-02
 -1.9096939541131291e-01
  5.2893693961327926e-02
 -1.7608611660389234e-01
  2.2749411683904930e-01
 -9.8519312269235854e-02
  4.7255805689816500e-02
 -8.7668802896595441e-02
  4.7835008900858143e-02
  1.1521779649567217e-01
  2.3737190800181666e-02
 -6.3191208470439991e-02
  1.1802348360024684e-01
  2.8454368437047761e-01
  1.0250465586738870e-01
  4.5476938665335996e-02
 -4.0614871328672489e-02
  1.7014273920216744e-01
  1.0427377156211251e-01
 -4.6242675201911360e-02
 -5.6168990403598344e-02
  1.2250027193019737e-01
 -9.3332081261585098e-02
 -8.8588829313562600e-02
 -2.8308887655094143e-02
 -7.2578250742515144e-02
 -3.0741712960376113e-02
  3.3204552368429431e-02
 -1.9781045129477764e-01
 -6.8375361382071731e-02
  1.1992685442927717e-01
  2.8811421377852620e-01
 -2.0131419831085316e-05
  4.3919757506485511e-06
  4.3948121099290135e-06
  5.0250607487952080e-06
 -5.5994354324283096e-04
 -5.5805182156121733e-04
  6.2987371445406175e-06
  5.3316121542243779e-06
  6.3056919873935276e-06
 -5.5996253489221039e-04
 -5.5929500062407264e-04
  6.5943447520029708e-06
 -5.5930390677931671e-04
  4.3846958087870213e-06
 -5.5994282810432308e-04
 -5.5994177884378471e-04
 -5.5899256019004498e-04
 -5.5930603441561269e-04
 -5.6056860554049633e-04
 -5.5932272741367412e-04
  6.6127979337859141e-06
 -5.6024671791026848e-04
 -5.5836674576592268e-04
  5.6474393767530394e-06
  6.5859980190453949e-06
 -5.6089099182285895e-04
 -5.6088400255433195e-04
  4.7088403793861587e-06
 -5.5836816792588365e-04
 -5.5961705082759690e-04
 -5.5897938377111572e-04
 -5.5994498301440332e-04
  5.0260658717217453e-06
 -5.6058511391421535e-04
  5.6500934898481543e-06
  4.0743790937140358e-06
 -5.6057481796158322e-04
 -5.6026681991260951e-04
  5.0303417403951207e-06
 -5.6153468589102131e-04
 -5.5994637804701586e-04
  5.0179317680856358e-06
  4.0852240687153150e-06
  5.9733608714577344e-06
 -5.6119259991164745e-04
  4.7146931999538543e-06
  5.0304920603097243e-06
 -5.6089028239224216e-04
 -5.5931048992834858e-04
 -5.5898736339840126e-04
  4.6996104310973699e-06
 -5.6214093602530157e-04
  5.0195480393352542e-06
  5.6545550852578255e-06
 -5.5931563620274793e-04
 -5.5929948462683787e-04
  6.2915046647421362e-06
 -5.5962808397970226e-04
 -5.5898988369795788e-04
 -5.6025368275509219e-04
 -9.9999467129853215e-01
